{"meta": {"format": 3, "version": "7.14.3", "timestamp": "2026-06-28T22:34:20.478607", "branch_coverage": false, "show_contexts": false}, "files": {"antcrew\\__init__.py": {"executed_lines": [1, 2, 3, 4, 5, 8, 9, 10, 11, 12, 13, 14, 15, 16, 17, 18, 19, 20, 21, 22, 23, 27, 28, 29, 30, 31, 32, 33, 34, 35, 36, 37, 38, 39, 40, 41, 48, 49, 50, 51, 52, 53, 54, 55, 56, 58, 153], "summary": {"covered_lines": 47, "num_statements": 54, "percent_covered": 87.03703703703704, "percent_covered_display": "87", "missing_lines": 7, "excluded_lines": 0, "percent_statements_covered": 87.03703703703704, "percent_statements_covered_display": "87"}, "missing_lines": [24, 25, 26, 44, 45, 46, 47], "excluded_lines": [], "functions": {"": {"executed_lines": [1, 2, 3, 4, 5, 8, 9, 10, 11, 12, 13, 14, 15, 16, 17, 18, 19, 20, 21, 22, 23, 27, 28, 29, 30, 31, 32, 33, 34, 35, 36, 37, 38, 39, 40, 41, 48, 49, 50, 51, 52, 53, 54, 55, 56, 58, 153], "summary": {"covered_lines": 47, "num_statements": 54, "percent_covered": 87.03703703703704, "percent_covered_display": "87", "missing_lines": 7, "excluded_lines": 0, "percent_statements_covered": 87.03703703703704, "percent_statements_covered_display": "87"}, "missing_lines": [24, 25, 26, 44, 45, 46, 47], "excluded_lines": [], "start_line": 1}}, "classes": {"": {"executed_lines": [1, 2, 3, 4, 5, 8, 9, 10, 11, 12, 13, 14, 15, 16, 17, 18, 19, 20, 21, 22, 23, 27, 28, 29, 30, 31, 32, 33, 34, 35, 36, 37, 38, 39, 40, 41, 48, 49, 50, 51, 52, 53, 54, 55, 56, 58, 153], "summary": {"covered_lines": 47, "num_statements": 54, "percent_covered": 87.03703703703704, "percent_covered_display": "87", "missing_lines": 7, "excluded_lines": 0, "percent_statements_covered": 87.03703703703704, "percent_statements_covered_display": "87"}, "missing_lines": [24, 25, 26, 44, 45, 46, 47], "excluded_lines": [], "start_line": 1}}}, "antcrew\\agents\\__init__.py": {"executed_lines": [1, 2, 3, 4, 5, 6, 7, 8, 9, 10, 12], "summary": {"covered_lines": 11, "num_statements": 11, "percent_covered": 100.0, "percent_covered_display": "100", "missing_lines": 0, "excluded_lines": 0, "percent_statements_covered": 100.0, "percent_statements_covered_display": "100"}, "missing_lines": [], "excluded_lines": [], "functions": {"": {"executed_lines": [1, 2, 3, 4, 5, 6, 7, 8, 9, 10, 12], "summary": {"covered_lines": 11, "num_statements": 11, "percent_covered": 100.0, "percent_covered_display": "100", "missing_lines": 0, "excluded_lines": 0, "percent_statements_covered": 100.0, "percent_statements_covered_display": "100"}, "missing_lines": [], "excluded_lines": [], "start_line": 1}}, "classes": {"": {"executed_lines": [1, 2, 3, 4, 5, 6, 7, 8, 9, 10, 12], "summary": {"covered_lines": 11, "num_statements": 11, "percent_covered": 100.0, "percent_covered_display": "100", "missing_lines": 0, "excluded_lines": 0, "percent_statements_covered": 100.0, "percent_statements_covered_display": "100"}, "missing_lines": [], "excluded_lines": [], "start_line": 1}}}, "antcrew\\agents\\backend_dev.py": {"executed_lines": [1, 3, 5, 6, 7, 25, 43, 57, 72, 73, 74, 76, 77, 82, 83, 84, 86, 87, 88, 89, 91, 92, 98, 99, 100, 101, 102, 103, 105, 107, 108, 109, 168, 170, 171, 174, 175, 177, 178, 183, 184, 185, 186, 188, 189, 191, 192, 195, 196, 198, 201, 202, 207, 208, 209, 210, 217, 218, 221, 222, 223, 224, 239], "summary": {"covered_lines": 63, "num_statements": 98, "percent_covered": 64.28571428571429, "percent_covered_display": "64", "missing_lines": 35, "excluded_lines": 1, "percent_statements_covered": 64.28571428571429, "percent_statements_covered_display": "64"}, "missing_lines": [75, 78, 79, 85, 93, 94, 95, 110, 111, 112, 114, 118, 119, 121, 122, 123, 125, 126, 127, 128, 130, 135, 140, 141, 142, 143, 149, 151, 153, 154, 155, 172, 240, 248, 254], "excluded_lines": [9], "functions": {"_parse_list": {"executed_lines": [73, 74, 76, 77], "summary": {"covered_lines": 4, "num_statements": 7, "percent_covered": 57.142857142857146, "percent_covered_display": "57", "missing_lines": 3, "excluded_lines": 0, "percent_statements_covered": 57.142857142857146, "percent_statements_covered_display": "57"}, "missing_lines": [75, 78, 79], "excluded_lines": [], "start_line": 72}, "_parse_obj": {"executed_lines": [83, 84, 86, 87, 88, 89, 91, 92], "summary": {"covered_lines": 8, "num_statements": 12, "percent_covered": 66.66666666666667, "percent_covered_display": "67", "missing_lines": 4, "excluded_lines": 0, "percent_statements_covered": 66.66666666666667, "percent_statements_covered_display": "67"}, "missing_lines": [85, 93, 94, 95], "excluded_lines": [], "start_line": 82}, "BackendDevAgent._fix_flagged_files": {"executed_lines": [107, 108, 109], "summary": {"covered_lines": 3, "num_statements": 27, "percent_covered": 11.11111111111111, "percent_covered_display": "11", "missing_lines": 24, "excluded_lines": 0, "percent_statements_covered": 11.11111111111111, "percent_statements_covered_display": "11"}, "missing_lines": [110, 111, 112, 114, 118, 119, 121, 122, 123, 125, 126, 127, 128, 130, 135, 140, 141, 142, 143, 149, 151, 153, 154, 155], "excluded_lines": [], "start_line": 105}, "BackendDevAgent.run": {"executed_lines": [170, 171, 174, 175, 177, 178, 183, 184, 185, 186, 188, 189, 191, 192, 195, 196, 198, 201, 202, 207, 208, 209, 210, 217, 218, 221, 222, 223, 224], "summary": {"covered_lines": 29, "num_statements": 30, "percent_covered": 96.66666666666667, "percent_covered_display": "97", "missing_lines": 1, "excluded_lines": 0, "percent_statements_covered": 96.66666666666667, "percent_statements_covered_display": "97"}, "missing_lines": [172], "excluded_lines": [], "start_line": 168}, "BackendDevAgent.refine": {"executed_lines": [], "summary": {"covered_lines": 0, "num_statements": 3, "percent_covered": 0.0, "percent_covered_display": "0", "missing_lines": 3, "excluded_lines": 0, "percent_statements_covered": 0.0, "percent_statements_covered_display": "0"}, "missing_lines": [240, 248, 254], "excluded_lines": [], "start_line": 239}, "": {"executed_lines": [1, 3, 5, 6, 7, 25, 43, 57, 72, 82, 98, 99, 100, 101, 102, 103, 105, 168, 239], "summary": {"covered_lines": 19, "num_statements": 19, "percent_covered": 100.0, "percent_covered_display": "100", "missing_lines": 0, "excluded_lines": 1, "percent_statements_covered": 100.0, "percent_statements_covered_display": "100"}, "missing_lines": [], "excluded_lines": [9], "start_line": 1}}, "classes": {"BackendDevAgent": {"executed_lines": [107, 108, 109, 170, 171, 174, 175, 177, 178, 183, 184, 185, 186, 188, 189, 191, 192, 195, 196, 198, 201, 202, 207, 208, 209, 210, 217, 218, 221, 222, 223, 224], "summary": {"covered_lines": 32, "num_statements": 60, "percent_covered": 53.333333333333336, "percent_covered_display": "53", "missing_lines": 28, "excluded_lines": 0, "percent_statements_covered": 53.333333333333336, "percent_statements_covered_display": "53"}, "missing_lines": [110, 111, 112, 114, 118, 119, 121, 122, 123, 125, 126, 127, 128, 130, 135, 140, 141, 142, 143, 149, 151, 153, 154, 155, 172, 240, 248, 254], "excluded_lines": [], "start_line": 98}, "": {"executed_lines": [1, 3, 5, 6, 7, 25, 43, 57, 72, 73, 74, 76, 77, 82, 83, 84, 86, 87, 88, 89, 91, 92, 98, 99, 100, 101, 102, 103, 105, 168, 239], "summary": {"covered_lines": 31, "num_statements": 38, "percent_covered": 81.57894736842105, "percent_covered_display": "82", "missing_lines": 7, "excluded_lines": 1, "percent_statements_covered": 81.57894736842105, "percent_statements_covered_display": "82"}, "missing_lines": [75, 78, 79, 85, 93, 94, 95], "excluded_lines": [9], "start_line": 1}}}, "antcrew\\agents\\business.py": {"executed_lines": [1, 3, 4, 5, 7, 23, 37, 38, 39, 40, 41, 42, 44, 45, 48, 52, 53, 54, 55, 63, 64, 65, 72, 73, 75, 76, 77, 83, 84, 92], "summary": {"covered_lines": 30, "num_statements": 30, "percent_covered": 100.0, "percent_covered_display": "100", "missing_lines": 0, "excluded_lines": 0, "percent_statements_covered": 100.0, "percent_statements_covered_display": "100"}, "missing_lines": [], "excluded_lines": [], "functions": {"BusinessAnalystAgent.run": {"executed_lines": [45, 48, 52, 53, 54, 55, 63, 64, 65, 72, 73, 75, 76, 77], "summary": {"covered_lines": 14, "num_statements": 14, "percent_covered": 100.0, "percent_covered_display": "100", "missing_lines": 0, "excluded_lines": 0, "percent_statements_covered": 100.0, "percent_statements_covered_display": "100"}, "missing_lines": [], "excluded_lines": [], "start_line": 44}, "BusinessAnalystAgent.refine": {"executed_lines": [84, 92], "summary": {"covered_lines": 2, "num_statements": 2, "percent_covered": 100.0, "percent_covered_display": "100", "missing_lines": 0, "excluded_lines": 0, "percent_statements_covered": 100.0, "percent_statements_covered_display": "100"}, "missing_lines": [], "excluded_lines": [], "start_line": 83}, "": {"executed_lines": [1, 3, 4, 5, 7, 23, 37, 38, 39, 40, 41, 42, 44, 83], "summary": {"covered_lines": 14, "num_statements": 14, "percent_covered": 100.0, "percent_covered_display": "100", "missing_lines": 0, "excluded_lines": 0, "percent_statements_covered": 100.0, "percent_statements_covered_display": "100"}, "missing_lines": [], "excluded_lines": [], "start_line": 1}}, "classes": {"BusinessAnalystAgent": {"executed_lines": [45, 48, 52, 53, 54, 55, 63, 64, 65, 72, 73, 75, 76, 77, 84, 92], "summary": {"covered_lines": 16, "num_statements": 16, "percent_covered": 100.0, "percent_covered_display": "100", "missing_lines": 0, "excluded_lines": 0, "percent_statements_covered": 100.0, "percent_statements_covered_display": "100"}, "missing_lines": [], "excluded_lines": [], "start_line": 37}, "": {"executed_lines": [1, 3, 4, 5, 7, 23, 37, 38, 39, 40, 41, 42, 44, 83], "summary": {"covered_lines": 14, "num_statements": 14, "percent_covered": 100.0, "percent_covered_display": "100", "missing_lines": 0, "excluded_lines": 0, "percent_statements_covered": 100.0, "percent_statements_covered_display": "100"}, "missing_lines": [], "excluded_lines": [], "start_line": 1}}}, "antcrew\\agents\\codebase_scanner.py": {"executed_lines": [1, 3, 5, 7, 8, 9, 11, 17, 30, 31, 34, 36, 37, 38, 39, 40, 41, 42, 44, 61, 62, 64, 65, 67, 68, 71, 72, 73, 74, 75, 76, 77, 78, 80, 81, 84, 85, 86, 87, 88, 89, 90, 91, 94, 97, 99, 100, 101, 103, 104, 105, 106, 108, 109, 112, 115, 118, 119, 120, 121, 123, 124, 125, 127, 129, 130, 138, 140, 141, 142, 143, 144, 145, 147, 148, 155, 156, 158, 159, 160, 161, 163, 165, 166, 176, 180], "summary": {"covered_lines": 86, "num_statements": 93, "percent_covered": 92.47311827956989, "percent_covered_display": "92", "missing_lines": 7, "excluded_lines": 0, "percent_statements_covered": 92.47311827956989, "percent_statements_covered_display": "92"}, "missing_lines": [66, 69, 70, 92, 93, 110, 111], "excluded_lines": [], "functions": {"_build_tree": {"executed_lines": [62, 64, 80, 81], "summary": {"covered_lines": 4, "num_statements": 4, "percent_covered": 100.0, "percent_covered_display": "100", "missing_lines": 0, "excluded_lines": 0, "percent_statements_covered": 100.0, "percent_statements_covered_display": "100"}, "missing_lines": [], "excluded_lines": [], "start_line": 61}, "_build_tree._walk": {"executed_lines": [65, 67, 68, 71, 72, 73, 74, 75, 76, 77, 78], "summary": {"covered_lines": 11, "num_statements": 14, "percent_covered": 78.57142857142857, "percent_covered_display": "79", "missing_lines": 3, "excluded_lines": 0, "percent_statements_covered": 78.57142857142857, "percent_statements_covered_display": "79"}, "missing_lines": [66, 69, 70], "excluded_lines": [], "start_line": 64}, "_read_key_files": {"executed_lines": [85, 86, 87, 88, 89, 90, 91, 94], "summary": {"covered_lines": 8, "num_statements": 10, "percent_covered": 80.0, "percent_covered_display": "80", "missing_lines": 2, "excluded_lines": 0, "percent_statements_covered": 80.0, "percent_statements_covered_display": "80"}, "missing_lines": [92, 93], "excluded_lines": [], "start_line": 84}, "_scan_one": {"executed_lines": [99, 100, 101, 103, 104, 105, 106, 108, 109, 112], "summary": {"covered_lines": 10, "num_statements": 12, "percent_covered": 83.33333333333333, "percent_covered_display": "83", "missing_lines": 2, "excluded_lines": 0, "percent_statements_covered": 83.33333333333333, "percent_statements_covered_display": "83"}, "missing_lines": [110, 111], "excluded_lines": [], "start_line": 97}, "CodebaseScannerAgent.__init__": {"executed_lines": [124, 125], "summary": {"covered_lines": 2, "num_statements": 2, "percent_covered": 100.0, "percent_covered_display": "100", "missing_lines": 0, "excluded_lines": 0, "percent_statements_covered": 100.0, "percent_statements_covered_display": "100"}, "missing_lines": [], "excluded_lines": [], "start_line": 123}, "CodebaseScannerAgent.run": {"executed_lines": [129, 130, 138, 140, 141, 142, 143, 144, 145, 147, 148, 155, 156, 158, 159, 160, 161, 163, 165, 166, 176, 180], "summary": {"covered_lines": 22, "num_statements": 22, "percent_covered": 100.0, "percent_covered_display": "100", "missing_lines": 0, "excluded_lines": 0, "percent_statements_covered": 100.0, "percent_statements_covered_display": "100"}, "missing_lines": [], "excluded_lines": [], "start_line": 127}, "": {"executed_lines": [1, 3, 5, 7, 8, 9, 11, 17, 30, 31, 34, 36, 37, 38, 39, 40, 41, 42, 44, 61, 84, 97, 115, 118, 119, 120, 121, 123, 127], "summary": {"covered_lines": 29, "num_statements": 29, "percent_covered": 100.0, "percent_covered_display": "100", "missing_lines": 0, "excluded_lines": 0, "percent_statements_covered": 100.0, "percent_statements_covered_display": "100"}, "missing_lines": [], "excluded_lines": [], "start_line": 1}}, "classes": {"_ScannerPayload": {"executed_lines": [], "summary": {"covered_lines": 0, "num_statements": 0, "percent_covered": 100.0, "percent_covered_display": "100", "missing_lines": 0, "excluded_lines": 0, "percent_statements_covered": 100.0, "percent_statements_covered_display": "100"}, "missing_lines": [], "excluded_lines": [], "start_line": 34}, "CodebaseScannerAgent": {"executed_lines": [124, 125, 129, 130, 138, 140, 141, 142, 143, 144, 145, 147, 148, 155, 156, 158, 159, 160, 161, 163, 165, 166, 176, 180], "summary": {"covered_lines": 24, "num_statements": 24, "percent_covered": 100.0, "percent_covered_display": "100", "missing_lines": 0, "excluded_lines": 0, "percent_statements_covered": 100.0, "percent_statements_covered_display": "100"}, "missing_lines": [], "excluded_lines": [], "start_line": 115}, "": {"executed_lines": [1, 3, 5, 7, 8, 9, 11, 17, 30, 31, 34, 36, 37, 38, 39, 40, 41, 42, 44, 61, 62, 64, 65, 67, 68, 71, 72, 73, 74, 75, 76, 77, 78, 80, 81, 84, 85, 86, 87, 88, 89, 90, 91, 94, 97, 99, 100, 101, 103, 104, 105, 106, 108, 109, 112, 115, 118, 119, 120, 121, 123, 127], "summary": {"covered_lines": 62, "num_statements": 69, "percent_covered": 89.85507246376811, "percent_covered_display": "90", "missing_lines": 7, "excluded_lines": 0, "percent_statements_covered": 89.85507246376811, "percent_statements_covered_display": "90"}, "missing_lines": [66, 69, 70, 92, 93, 110, 111], "excluded_lines": [], "start_line": 1}}}, "antcrew\\agents\\copywriter.py": {"executed_lines": [1, 3, 4, 6, 24, 39, 40, 41, 42, 43, 44, 46, 47, 48, 50, 51, 52, 53, 60, 64, 65, 71, 85, 86, 94, 98], "summary": {"covered_lines": 26, "num_statements": 26, "percent_covered": 100.0, "percent_covered_display": "100", "missing_lines": 0, "excluded_lines": 0, "percent_statements_covered": 100.0, "percent_statements_covered_display": "100"}, "missing_lines": [], "excluded_lines": [], "functions": {"CopywriterAgent.run": {"executed_lines": [47, 48, 50, 51, 52, 53, 60, 64, 65, 71], "summary": {"covered_lines": 10, "num_statements": 10, "percent_covered": 100.0, "percent_covered_display": "100", "missing_lines": 0, "excluded_lines": 0, "percent_statements_covered": 100.0, "percent_statements_covered_display": "100"}, "missing_lines": [], "excluded_lines": [], "start_line": 46}, "CopywriterAgent.refine": {"executed_lines": [86, 94, 98], "summary": {"covered_lines": 3, "num_statements": 3, "percent_covered": 100.0, "percent_covered_display": "100", "missing_lines": 0, "excluded_lines": 0, "percent_statements_covered": 100.0, "percent_statements_covered_display": "100"}, "missing_lines": [], "excluded_lines": [], "start_line": 85}, "": {"executed_lines": [1, 3, 4, 6, 24, 39, 40, 41, 42, 43, 44, 46, 85], "summary": {"covered_lines": 13, "num_statements": 13, "percent_covered": 100.0, "percent_covered_display": "100", "missing_lines": 0, "excluded_lines": 0, "percent_statements_covered": 100.0, "percent_statements_covered_display": "100"}, "missing_lines": [], "excluded_lines": [], "start_line": 1}}, "classes": {"CopywriterAgent": {"executed_lines": [47, 48, 50, 51, 52, 53, 60, 64, 65, 71, 86, 94, 98], "summary": {"covered_lines": 13, "num_statements": 13, "percent_covered": 100.0, "percent_covered_display": "100", "missing_lines": 0, "excluded_lines": 0, "percent_statements_covered": 100.0, "percent_statements_covered_display": "100"}, "missing_lines": [], "excluded_lines": [], "start_line": 39}, "": {"executed_lines": [1, 3, 4, 6, 24, 39, 40, 41, 42, 43, 44, 46, 85], "summary": {"covered_lines": 13, "num_statements": 13, "percent_covered": 100.0, "percent_covered_display": "100", "missing_lines": 0, "excluded_lines": 0, "percent_statements_covered": 100.0, "percent_statements_covered_display": "100"}, "missing_lines": [], "excluded_lines": [], "start_line": 1}}}, "antcrew\\agents\\devops.py": {"executed_lines": [1, 3, 5, 6, 7, 40, 55, 56, 57, 58, 59, 60, 62, 63, 64, 66, 74, 78, 79, 86, 100], "summary": {"covered_lines": 21, "num_statements": 25, "percent_covered": 84.0, "percent_covered_display": "84", "missing_lines": 4, "excluded_lines": 1, "percent_statements_covered": 84.0, "percent_statements_covered_display": "84"}, "missing_lines": [67, 101, 109, 115], "excluded_lines": [9], "functions": {"DevOpsAgent.run": {"executed_lines": [63, 64, 66, 74, 78, 79, 86], "summary": {"covered_lines": 7, "num_statements": 8, "percent_covered": 87.5, "percent_covered_display": "88", "missing_lines": 1, "excluded_lines": 0, "percent_statements_covered": 87.5, "percent_statements_covered_display": "88"}, "missing_lines": [67], "excluded_lines": [], "start_line": 62}, "DevOpsAgent.refine": {"executed_lines": [], "summary": {"covered_lines": 0, "num_statements": 3, "percent_covered": 0.0, "percent_covered_display": "0", "missing_lines": 3, "excluded_lines": 0, "percent_statements_covered": 0.0, "percent_statements_covered_display": "0"}, "missing_lines": [101, 109, 115], "excluded_lines": [], "start_line": 100}, "": {"executed_lines": [1, 3, 5, 6, 7, 40, 55, 56, 57, 58, 59, 60, 62, 100], "summary": {"covered_lines": 14, "num_statements": 14, "percent_covered": 100.0, "percent_covered_display": "100", "missing_lines": 0, "excluded_lines": 1, "percent_statements_covered": 100.0, "percent_statements_covered_display": "100"}, "missing_lines": [], "excluded_lines": [9], "start_line": 1}}, "classes": {"DevOpsAgent": {"executed_lines": [63, 64, 66, 74, 78, 79, 86], "summary": {"covered_lines": 7, "num_statements": 11, "percent_covered": 63.63636363636363, "percent_covered_display": "64", "missing_lines": 4, "excluded_lines": 0, "percent_statements_covered": 63.63636363636363, "percent_statements_covered_display": "64"}, "missing_lines": [67, 101, 109, 115], "excluded_lines": [], "start_line": 55}, "": {"executed_lines": [1, 3, 5, 6, 7, 40, 55, 56, 57, 58, 59, 60, 62, 100], "summary": {"covered_lines": 14, "num_statements": 14, "percent_covered": 100.0, "percent_covered_display": "100", "missing_lines": 0, "excluded_lines": 1, "percent_statements_covered": 100.0, "percent_statements_covered_display": "100"}, "missing_lines": [], "excluded_lines": [9], "start_line": 1}}}, "antcrew\\agents\\doc_writer.py": {"executed_lines": [1, 3, 5, 6, 7, 40, 55, 56, 57, 58, 59, 60, 62, 63, 64, 65, 66, 68, 69, 76, 77, 78, 79, 80, 83, 85, 87, 88, 89, 91, 93, 94, 101, 115, 116, 124, 130], "summary": {"covered_lines": 37, "num_statements": 37, "percent_covered": 100.0, "percent_covered_display": "100", "missing_lines": 0, "excluded_lines": 1, "percent_statements_covered": 100.0, "percent_statements_covered_display": "100"}, "missing_lines": [], "excluded_lines": [9], "functions": {"DocWriterAgent.run": {"executed_lines": [63, 64, 65, 66, 68, 69, 76, 77, 78, 79, 80, 83, 85, 87, 88, 89, 91, 93, 94, 101], "summary": {"covered_lines": 20, "num_statements": 20, "percent_covered": 100.0, "percent_covered_display": "100", "missing_lines": 0, "excluded_lines": 0, "percent_statements_covered": 100.0, "percent_statements_covered_display": "100"}, "missing_lines": [], "excluded_lines": [], "start_line": 62}, "DocWriterAgent.refine": {"executed_lines": [116, 124, 130], "summary": {"covered_lines": 3, "num_statements": 3, "percent_covered": 100.0, "percent_covered_display": "100", "missing_lines": 0, "excluded_lines": 0, "percent_statements_covered": 100.0, "percent_statements_covered_display": "100"}, "missing_lines": [], "excluded_lines": [], "start_line": 115}, "": {"executed_lines": [1, 3, 5, 6, 7, 40, 55, 56, 57, 58, 59, 60, 62, 115], "summary": {"covered_lines": 14, "num_statements": 14, "percent_covered": 100.0, "percent_covered_display": "100", "missing_lines": 0, "excluded_lines": 1, "percent_statements_covered": 100.0, "percent_statements_covered_display": "100"}, "missing_lines": [], "excluded_lines": [9], "start_line": 1}}, "classes": {"DocWriterAgent": {"executed_lines": [63, 64, 65, 66, 68, 69, 76, 77, 78, 79, 80, 83, 85, 87, 88, 89, 91, 93, 94, 101, 116, 124, 130], "summary": {"covered_lines": 23, "num_statements": 23, "percent_covered": 100.0, "percent_covered_display": "100", "missing_lines": 0, "excluded_lines": 0, "percent_statements_covered": 100.0, "percent_statements_covered_display": "100"}, "missing_lines": [], "excluded_lines": [], "start_line": 55}, "": {"executed_lines": [1, 3, 5, 6, 7, 40, 55, 56, 57, 58, 59, 60, 62, 115], "summary": {"covered_lines": 14, "num_statements": 14, "percent_covered": 100.0, "percent_covered_display": "100", "missing_lines": 0, "excluded_lines": 1, "percent_statements_covered": 100.0, "percent_statements_covered_display": "100"}, "missing_lines": [], "excluded_lines": [9], "start_line": 1}}}, "antcrew\\agents\\editor.py": {"executed_lines": [1, 3, 4, 6, 25, 41, 42, 43, 44, 45, 46, 48, 49, 50, 51, 55, 56, 62, 63, 77, 78, 86, 90], "summary": {"covered_lines": 23, "num_statements": 23, "percent_covered": 100.0, "percent_covered_display": "100", "missing_lines": 0, "excluded_lines": 0, "percent_statements_covered": 100.0, "percent_statements_covered_display": "100"}, "missing_lines": [], "excluded_lines": [], "functions": {"EditorAgent.run": {"executed_lines": [49, 50, 51, 55, 56, 62, 63], "summary": {"covered_lines": 7, "num_statements": 7, "percent_covered": 100.0, "percent_covered_display": "100", "missing_lines": 0, "excluded_lines": 0, "percent_statements_covered": 100.0, "percent_statements_covered_display": "100"}, "missing_lines": [], "excluded_lines": [], "start_line": 48}, "EditorAgent.refine": {"executed_lines": [78, 86, 90], "summary": {"covered_lines": 3, "num_statements": 3, "percent_covered": 100.0, "percent_covered_display": "100", "missing_lines": 0, "excluded_lines": 0, "percent_statements_covered": 100.0, "percent_statements_covered_display": "100"}, "missing_lines": [], "excluded_lines": [], "start_line": 77}, "": {"executed_lines": [1, 3, 4, 6, 25, 41, 42, 43, 44, 45, 46, 48, 77], "summary": {"covered_lines": 13, "num_statements": 13, "percent_covered": 100.0, "percent_covered_display": "100", "missing_lines": 0, "excluded_lines": 0, "percent_statements_covered": 100.0, "percent_statements_covered_display": "100"}, "missing_lines": [], "excluded_lines": [], "start_line": 1}}, "classes": {"EditorAgent": {"executed_lines": [49, 50, 51, 55, 56, 62, 63, 78, 86, 90], "summary": {"covered_lines": 10, "num_statements": 10, "percent_covered": 100.0, "percent_covered_display": "100", "missing_lines": 0, "excluded_lines": 0, "percent_statements_covered": 100.0, "percent_statements_covered_display": "100"}, "missing_lines": [], "excluded_lines": [], "start_line": 41}, "": {"executed_lines": [1, 3, 4, 6, 25, 41, 42, 43, 44, 45, 46, 48, 77], "summary": {"covered_lines": 13, "num_statements": 13, "percent_covered": 100.0, "percent_covered_display": "100", "missing_lines": 0, "excluded_lines": 0, "percent_statements_covered": 100.0, "percent_statements_covered_display": "100"}, "missing_lines": [], "excluded_lines": [], "start_line": 1}}}, "antcrew\\agents\\frontend_dev.py": {"executed_lines": [1, 3, 5, 6, 7, 30, 55, 70, 71, 72, 74, 75, 80, 81, 82, 84, 85, 86, 87, 89, 90, 96, 97, 98, 99, 100, 101, 103, 104, 106, 112, 113, 114, 115, 117, 119, 120, 123, 124, 126, 129, 130, 135, 136, 137, 138, 146, 147, 161], "summary": {"covered_lines": 49, "num_statements": 60, "percent_covered": 81.66666666666667, "percent_covered_display": "82", "missing_lines": 11, "excluded_lines": 1, "percent_statements_covered": 81.66666666666667, "percent_statements_covered_display": "82"}, "missing_lines": [73, 76, 77, 83, 91, 92, 93, 107, 162, 170, 176], "excluded_lines": [9], "functions": {"_parse_list": {"executed_lines": [71, 72, 74, 75], "summary": {"covered_lines": 4, "num_statements": 7, "percent_covered": 57.142857142857146, "percent_covered_display": "57", "missing_lines": 3, "excluded_lines": 0, "percent_statements_covered": 57.142857142857146, "percent_statements_covered_display": "57"}, "missing_lines": [73, 76, 77], "excluded_lines": [], "start_line": 70}, "_parse_obj": {"executed_lines": [81, 82, 84, 85, 86, 87, 89, 90], "summary": {"covered_lines": 8, "num_statements": 12, "percent_covered": 66.66666666666667, "percent_covered_display": "67", "missing_lines": 4, "excluded_lines": 0, "percent_statements_covered": 66.66666666666667, "percent_statements_covered_display": "67"}, "missing_lines": [83, 91, 92, 93], "excluded_lines": [], "start_line": 80}, "FrontendDevAgent.run": {"executed_lines": [104, 106, 112, 113, 114, 115, 117, 119, 120, 123, 124, 126, 129, 130, 135, 136, 137, 138, 146, 147], "summary": {"covered_lines": 20, "num_statements": 21, "percent_covered": 95.23809523809524, "percent_covered_display": "95", "missing_lines": 1, "excluded_lines": 0, "percent_statements_covered": 95.23809523809524, "percent_statements_covered_display": "95"}, "missing_lines": [107], "excluded_lines": [], "start_line": 103}, "FrontendDevAgent.refine": {"executed_lines": [], "summary": {"covered_lines": 0, "num_statements": 3, "percent_covered": 0.0, "percent_covered_display": "0", "missing_lines": 3, "excluded_lines": 0, "percent_statements_covered": 0.0, "percent_statements_covered_display": "0"}, "missing_lines": [162, 170, 176], "excluded_lines": [], "start_line": 161}, "": {"executed_lines": [1, 3, 5, 6, 7, 30, 55, 70, 80, 96, 97, 98, 99, 100, 101, 103, 161], "summary": {"covered_lines": 17, "num_statements": 17, "percent_covered": 100.0, "percent_covered_display": "100", "missing_lines": 0, "excluded_lines": 1, "percent_statements_covered": 100.0, "percent_statements_covered_display": "100"}, "missing_lines": [], "excluded_lines": [9], "start_line": 1}}, "classes": {"FrontendDevAgent": {"executed_lines": [104, 106, 112, 113, 114, 115, 117, 119, 120, 123, 124, 126, 129, 130, 135, 136, 137, 138, 146, 147], "summary": {"covered_lines": 20, "num_statements": 24, "percent_covered": 83.33333333333333, "percent_covered_display": "83", "missing_lines": 4, "excluded_lines": 0, "percent_statements_covered": 83.33333333333333, "percent_statements_covered_display": "83"}, "missing_lines": [107, 162, 170, 176], "excluded_lines": [], "start_line": 96}, "": {"executed_lines": [1, 3, 5, 6, 7, 30, 55, 70, 71, 72, 74, 75, 80, 81, 82, 84, 85, 86, 87, 89, 90, 96, 97, 98, 99, 100, 101, 103, 161], "summary": {"covered_lines": 29, "num_statements": 36, "percent_covered": 80.55555555555556, "percent_covered_display": "81", "missing_lines": 7, "excluded_lines": 1, "percent_statements_covered": 80.55555555555556, "percent_statements_covered_display": "81"}, "missing_lines": [73, 76, 77, 83, 91, 92, 93], "excluded_lines": [9], "start_line": 1}}}, "antcrew\\agents\\idea.py": {"executed_lines": [1, 3, 4, 5, 29, 43, 44, 45, 46, 47, 48, 50, 51, 52, 53, 59, 73, 74, 82, 88], "summary": {"covered_lines": 20, "num_statements": 20, "percent_covered": 100.0, "percent_covered_display": "100", "missing_lines": 0, "excluded_lines": 1, "percent_statements_covered": 100.0, "percent_statements_covered_display": "100"}, "missing_lines": [], "excluded_lines": [7], "functions": {"IdeaAgent.run": {"executed_lines": [51, 52, 53, 59], "summary": {"covered_lines": 4, "num_statements": 4, "percent_covered": 100.0, "percent_covered_display": "100", "missing_lines": 0, "excluded_lines": 0, "percent_statements_covered": 100.0, "percent_statements_covered_display": "100"}, "missing_lines": [], "excluded_lines": [], "start_line": 50}, "IdeaAgent.refine": {"executed_lines": [74, 82, 88], "summary": {"covered_lines": 3, "num_statements": 3, "percent_covered": 100.0, "percent_covered_display": "100", "missing_lines": 0, "excluded_lines": 0, "percent_statements_covered": 100.0, "percent_statements_covered_display": "100"}, "missing_lines": [], "excluded_lines": [], "start_line": 73}, "": {"executed_lines": [1, 3, 4, 5, 29, 43, 44, 45, 46, 47, 48, 50, 73], "summary": {"covered_lines": 13, "num_statements": 13, "percent_covered": 100.0, "percent_covered_display": "100", "missing_lines": 0, "excluded_lines": 1, "percent_statements_covered": 100.0, "percent_statements_covered_display": "100"}, "missing_lines": [], "excluded_lines": [7], "start_line": 1}}, "classes": {"IdeaAgent": {"executed_lines": [51, 52, 53, 59, 74, 82, 88], "summary": {"covered_lines": 7, "num_statements": 7, "percent_covered": 100.0, "percent_covered_display": "100", "missing_lines": 0, "excluded_lines": 0, "percent_statements_covered": 100.0, "percent_statements_covered_display": "100"}, "missing_lines": [], "excluded_lines": [], "start_line": 43}, "": {"executed_lines": [1, 3, 4, 5, 29, 43, 44, 45, 46, 47, 48, 50, 73], "summary": {"covered_lines": 13, "num_statements": 13, "percent_covered": 100.0, "percent_covered_display": "100", "missing_lines": 0, "excluded_lines": 1, "percent_statements_covered": 100.0, "percent_statements_covered_display": "100"}, "missing_lines": [], "excluded_lines": [7], "start_line": 1}}}, "antcrew\\agents\\pm.py": {"executed_lines": [1, 3, 5, 6, 7, 31, 46, 47, 48, 49, 50, 51, 53, 54, 55, 56, 58, 59, 65, 73, 81, 82, 91, 99], "summary": {"covered_lines": 24, "num_statements": 24, "percent_covered": 100.0, "percent_covered_display": "100", "missing_lines": 0, "excluded_lines": 1, "percent_statements_covered": 100.0, "percent_statements_covered_display": "100"}, "missing_lines": [], "excluded_lines": [9], "functions": {"PMAgent.run": {"executed_lines": [54, 55, 56, 58, 59, 65, 73], "summary": {"covered_lines": 7, "num_statements": 7, "percent_covered": 100.0, "percent_covered_display": "100", "missing_lines": 0, "excluded_lines": 0, "percent_statements_covered": 100.0, "percent_statements_covered_display": "100"}, "missing_lines": [], "excluded_lines": [], "start_line": 53}, "PMAgent.refine": {"executed_lines": [82, 91, 99], "summary": {"covered_lines": 3, "num_statements": 3, "percent_covered": 100.0, "percent_covered_display": "100", "missing_lines": 0, "excluded_lines": 0, "percent_statements_covered": 100.0, "percent_statements_covered_display": "100"}, "missing_lines": [], "excluded_lines": [], "start_line": 81}, "": {"executed_lines": [1, 3, 5, 6, 7, 31, 46, 47, 48, 49, 50, 51, 53, 81], "summary": {"covered_lines": 14, "num_statements": 14, "percent_covered": 100.0, "percent_covered_display": "100", "missing_lines": 0, "excluded_lines": 1, "percent_statements_covered": 100.0, "percent_statements_covered_display": "100"}, "missing_lines": [], "excluded_lines": [9], "start_line": 1}}, "classes": {"PMAgent": {"executed_lines": [54, 55, 56, 58, 59, 65, 73, 82, 91, 99], "summary": {"covered_lines": 10, "num_statements": 10, "percent_covered": 100.0, "percent_covered_display": "100", "missing_lines": 0, "excluded_lines": 0, "percent_statements_covered": 100.0, "percent_statements_covered_display": "100"}, "missing_lines": [], "excluded_lines": [], "start_line": 46}, "": {"executed_lines": [1, 3, 5, 6, 7, 31, 46, 47, 48, 49, 50, 51, 53, 81], "summary": {"covered_lines": 14, "num_statements": 14, "percent_covered": 100.0, "percent_covered_display": "100", "missing_lines": 0, "excluded_lines": 1, "percent_statements_covered": 100.0, "percent_statements_covered_display": "100"}, "missing_lines": [], "excluded_lines": [9], "start_line": 1}}}, "antcrew\\agents\\qa.py": {"executed_lines": [1, 3, 4, 6, 7, 8, 11, 16, 42, 54, 68, 69, 70, 71, 72, 73, 75, 76, 77, 79, 80, 87, 88, 95, 100, 101, 102, 104, 105, 106, 107, 108, 109, 110, 111, 112, 113, 116, 122, 123, 124, 126, 127, 130, 132, 151], "summary": {"covered_lines": 46, "num_statements": 51, "percent_covered": 90.19607843137256, "percent_covered_display": "90", "missing_lines": 5, "excluded_lines": 0, "percent_statements_covered": 90.19607843137256, "percent_statements_covered_display": "90"}, "missing_lines": [114, 115, 152, 160, 166], "excluded_lines": [], "functions": {"QAAgent.run": {"executed_lines": [76, 77, 79, 80, 87, 88, 95, 100, 101, 102, 104, 105, 106, 107, 108, 109, 110, 111, 112, 113, 116, 122, 123, 124, 126, 127, 130, 132], "summary": {"covered_lines": 28, "num_statements": 30, "percent_covered": 93.33333333333333, "percent_covered_display": "93", "missing_lines": 2, "excluded_lines": 0, "percent_statements_covered": 93.33333333333333, "percent_statements_covered_display": "93"}, "missing_lines": [114, 115], "excluded_lines": [], "start_line": 75}, "QAAgent.refine": {"executed_lines": [], "summary": {"covered_lines": 0, "num_statements": 3, "percent_covered": 0.0, "percent_covered_display": "0", "missing_lines": 3, "excluded_lines": 0, "percent_statements_covered": 0.0, "percent_statements_covered_display": "0"}, "missing_lines": [152, 160, 166], "excluded_lines": [], "start_line": 151}, "": {"executed_lines": [1, 3, 4, 6, 7, 8, 11, 16, 42, 54, 68, 69, 70, 71, 72, 73, 75, 151], "summary": {"covered_lines": 18, "num_statements": 18, "percent_covered": 100.0, "percent_covered_display": "100", "missing_lines": 0, "excluded_lines": 0, "percent_statements_covered": 100.0, "percent_statements_covered_display": "100"}, "missing_lines": [], "excluded_lines": [], "start_line": 1}}, "classes": {"QAAgent": {"executed_lines": [76, 77, 79, 80, 87, 88, 95, 100, 101, 102, 104, 105, 106, 107, 108, 109, 110, 111, 112, 113, 116, 122, 123, 124, 126, 127, 130, 132], "summary": {"covered_lines": 28, "num_statements": 33, "percent_covered": 84.84848484848484, "percent_covered_display": "85", "missing_lines": 5, "excluded_lines": 0, "percent_statements_covered": 84.84848484848484, "percent_statements_covered_display": "85"}, "missing_lines": [114, 115, 152, 160, 166], "excluded_lines": [], "start_line": 68}, "": {"executed_lines": [1, 3, 4, 6, 7, 8, 11, 16, 42, 54, 68, 69, 70, 71, 72, 73, 75, 151], "summary": {"covered_lines": 18, "num_statements": 18, "percent_covered": 100.0, "percent_covered_display": "100", "missing_lines": 0, "excluded_lines": 0, "percent_statements_covered": 100.0, "percent_statements_covered_display": "100"}, "missing_lines": [], "excluded_lines": [], "start_line": 1}}}, "antcrew\\agents\\registry.py": {"executed_lines": [9, 11, 22, 40, 42, 43, 44, 45, 46, 47, 50, 64, 65, 66, 68, 69, 70, 72, 74, 76, 78, 80, 83], "summary": {"covered_lines": 23, "num_statements": 29, "percent_covered": 79.3103448275862, "percent_covered_display": "79", "missing_lines": 6, "excluded_lines": 2, "percent_statements_covered": 79.3103448275862, "percent_statements_covered_display": "79"}, "missing_lines": [71, 73, 75, 77, 79, 81], "excluded_lines": [13, 14], "functions": {"get_agent_class": {"executed_lines": [42, 43, 44, 45, 46, 47], "summary": {"covered_lines": 6, "num_statements": 6, "percent_covered": 100.0, "percent_covered_display": "100", "missing_lines": 0, "excluded_lines": 0, "percent_statements_covered": 100.0, "percent_statements_covered_display": "100"}, "missing_lines": [], "excluded_lines": [], "start_line": 40}, "instantiate_agent": {"executed_lines": [64, 65, 66, 68, 69, 70, 72, 74, 76, 78, 80, 83], "summary": {"covered_lines": 12, "num_statements": 18, "percent_covered": 66.66666666666667, "percent_covered_display": "67", "missing_lines": 6, "excluded_lines": 0, "percent_statements_covered": 66.66666666666667, "percent_statements_covered_display": "67"}, "missing_lines": [71, 73, 75, 77, 79, 81], "excluded_lines": [], "start_line": 50}, "": {"executed_lines": [9, 11, 22, 40, 50], "summary": {"covered_lines": 5, "num_statements": 5, "percent_covered": 100.0, "percent_covered_display": "100", "missing_lines": 0, "excluded_lines": 2, "percent_statements_covered": 100.0, "percent_statements_covered_display": "100"}, "missing_lines": [], "excluded_lines": [13, 14], "start_line": 1}}, "classes": {"": {"executed_lines": [9, 11, 22, 40, 42, 43, 44, 45, 46, 47, 50, 64, 65, 66, 68, 69, 70, 72, 74, 76, 78, 80, 83], "summary": {"covered_lines": 23, "num_statements": 29, "percent_covered": 79.3103448275862, "percent_covered_display": "79", "missing_lines": 6, "excluded_lines": 2, "percent_statements_covered": 79.3103448275862, "percent_statements_covered_display": "79"}, "missing_lines": [71, 73, 75, 77, 79, 81], "excluded_lines": [13, 14], "start_line": 1}}}, "antcrew\\agents\\researcher.py": {"executed_lines": [1, 3, 4, 5, 33, 47, 48, 49, 50, 51, 52, 54, 55, 56, 57, 61, 68, 83, 84, 92, 96, 103], "summary": {"covered_lines": 22, "num_statements": 22, "percent_covered": 100.0, "percent_covered_display": "100", "missing_lines": 0, "excluded_lines": 1, "percent_statements_covered": 100.0, "percent_statements_covered_display": "100"}, "missing_lines": [], "excluded_lines": [7], "functions": {"ResearcherAgent.run": {"executed_lines": [55, 56, 57, 61, 68], "summary": {"covered_lines": 5, "num_statements": 5, "percent_covered": 100.0, "percent_covered_display": "100", "missing_lines": 0, "excluded_lines": 0, "percent_statements_covered": 100.0, "percent_statements_covered_display": "100"}, "missing_lines": [], "excluded_lines": [], "start_line": 54}, "ResearcherAgent.refine": {"executed_lines": [84, 92, 96, 103], "summary": {"covered_lines": 4, "num_statements": 4, "percent_covered": 100.0, "percent_covered_display": "100", "missing_lines": 0, "excluded_lines": 0, "percent_statements_covered": 100.0, "percent_statements_covered_display": "100"}, "missing_lines": [], "excluded_lines": [], "start_line": 83}, "": {"executed_lines": [1, 3, 4, 5, 33, 47, 48, 49, 50, 51, 52, 54, 83], "summary": {"covered_lines": 13, "num_statements": 13, "percent_covered": 100.0, "percent_covered_display": "100", "missing_lines": 0, "excluded_lines": 1, "percent_statements_covered": 100.0, "percent_statements_covered_display": "100"}, "missing_lines": [], "excluded_lines": [7], "start_line": 1}}, "classes": {"ResearcherAgent": {"executed_lines": [55, 56, 57, 61, 68, 84, 92, 96, 103], "summary": {"covered_lines": 9, "num_statements": 9, "percent_covered": 100.0, "percent_covered_display": "100", "missing_lines": 0, "excluded_lines": 0, "percent_statements_covered": 100.0, "percent_statements_covered_display": "100"}, "missing_lines": [], "excluded_lines": [], "start_line": 47}, "": {"executed_lines": [1, 3, 4, 5, 33, 47, 48, 49, 50, 51, 52, 54, 83], "summary": {"covered_lines": 13, "num_statements": 13, "percent_covered": 100.0, "percent_covered_display": "100", "missing_lines": 0, "excluded_lines": 1, "percent_statements_covered": 100.0, "percent_statements_covered_display": "100"}, "missing_lines": [], "excluded_lines": [7], "start_line": 1}}}, "antcrew\\agents\\reviewer.py": {"executed_lines": [1, 3, 5, 6, 7, 37, 51, 52, 53, 54, 55, 56, 58, 59, 66, 67, 68, 69, 71, 80, 81, 82, 84, 85, 91, 96, 97, 101, 106, 125, 126, 134, 138, 143], "summary": {"covered_lines": 34, "num_statements": 36, "percent_covered": 94.44444444444444, "percent_covered_display": "94", "missing_lines": 2, "excluded_lines": 1, "percent_statements_covered": 94.44444444444444, "percent_statements_covered_display": "94"}, "missing_lines": [72, 86], "excluded_lines": [9], "functions": {"ReviewerAgent.__init__": {"executed_lines": [59], "summary": {"covered_lines": 1, "num_statements": 1, "percent_covered": 100.0, "percent_covered_display": "100", "missing_lines": 0, "excluded_lines": 0, "percent_statements_covered": 100.0, "percent_statements_covered_display": "100"}, "missing_lines": [], "excluded_lines": [], "start_line": 58}, "ReviewerAgent.run": {"executed_lines": [67, 68, 69, 71, 80, 81, 82, 84, 85, 91, 96, 97, 101, 106], "summary": {"covered_lines": 14, "num_statements": 16, "percent_covered": 87.5, "percent_covered_display": "88", "missing_lines": 2, "excluded_lines": 0, "percent_statements_covered": 87.5, "percent_statements_covered_display": "88"}, "missing_lines": [72, 86], "excluded_lines": [], "start_line": 66}, "ReviewerAgent.refine": {"executed_lines": [126, 134, 138, 143], "summary": {"covered_lines": 4, "num_statements": 4, "percent_covered": 100.0, "percent_covered_display": "100", "missing_lines": 0, "excluded_lines": 0, "percent_statements_covered": 100.0, "percent_statements_covered_display": "100"}, "missing_lines": [], "excluded_lines": [], "start_line": 125}, "": {"executed_lines": [1, 3, 5, 6, 7, 37, 51, 52, 53, 54, 55, 56, 58, 66, 125], "summary": {"covered_lines": 15, "num_statements": 15, "percent_covered": 100.0, "percent_covered_display": "100", "missing_lines": 0, "excluded_lines": 1, "percent_statements_covered": 100.0, "percent_statements_covered_display": "100"}, "missing_lines": [], "excluded_lines": [9], "start_line": 1}}, "classes": {"ReviewerAgent": {"executed_lines": [59, 67, 68, 69, 71, 80, 81, 82, 84, 85, 91, 96, 97, 101, 106, 126, 134, 138, 143], "summary": {"covered_lines": 19, "num_statements": 21, "percent_covered": 90.47619047619048, "percent_covered_display": "90", "missing_lines": 2, "excluded_lines": 0, "percent_statements_covered": 90.47619047619048, "percent_statements_covered_display": "90"}, "missing_lines": [72, 86], "excluded_lines": [], "start_line": 51}, "": {"executed_lines": [1, 3, 5, 6, 7, 37, 51, 52, 53, 54, 55, 56, 58, 66, 125], "summary": {"covered_lines": 15, "num_statements": 15, "percent_covered": 100.0, "percent_covered_display": "100", "missing_lines": 0, "excluded_lines": 1, "percent_statements_covered": 100.0, "percent_statements_covered_display": "100"}, "missing_lines": [], "excluded_lines": [9], "start_line": 1}}}, "antcrew\\agents\\setup.py": {"executed_lines": [9, 11, 12, 13, 18, 34, 42, 49, 58, 59, 60, 61, 66, 73, 74, 76, 88, 89, 90, 92, 93, 94, 99, 102, 103, 109, 115, 116, 117, 118, 119, 120, 121, 122, 125, 126, 127, 128, 129, 132, 137, 140, 141, 142, 143, 144, 145, 149, 151, 152, 153, 155, 156, 157, 159, 160, 161, 162, 163, 165, 178, 179, 180, 183, 184, 193, 195], "summary": {"covered_lines": 67, "num_statements": 69, "percent_covered": 97.10144927536231, "percent_covered_display": "97", "missing_lines": 2, "excluded_lines": 0, "percent_statements_covered": 97.10144927536231, "percent_statements_covered_display": "97"}, "missing_lines": [105, 106], "excluded_lines": [], "functions": {"_slugify": {"executed_lines": [59, 60, 61], "summary": {"covered_lines": 3, "num_statements": 3, "percent_covered": 100.0, "percent_covered_display": "100", "missing_lines": 0, "excluded_lines": 0, "percent_statements_covered": 100.0, "percent_statements_covered_display": "100"}, "missing_lines": [], "excluded_lines": [], "start_line": 58}, "SetupAgent.__init__": {"executed_lines": [74], "summary": {"covered_lines": 1, "num_statements": 1, "percent_covered": 100.0, "percent_covered_display": "100", "missing_lines": 0, "excluded_lines": 0, "percent_statements_covered": 100.0, "percent_statements_covered_display": "100"}, "missing_lines": [], "excluded_lines": [], "start_line": 73}, "SetupAgent.run_wizard": {"executed_lines": [88, 89, 90, 92, 93, 94, 99, 102, 103, 109, 115, 116, 117, 118, 119, 120, 121, 122, 125, 126, 127, 128, 129, 132, 137, 140, 141, 142, 143, 144, 145, 149, 151, 152, 153, 155, 156, 157, 159, 160, 161, 162, 163, 165, 178, 179, 180, 183, 184, 193, 195], "summary": {"covered_lines": 51, "num_statements": 53, "percent_covered": 96.22641509433963, "percent_covered_display": "96", "missing_lines": 2, "excluded_lines": 0, "percent_statements_covered": 96.22641509433963, "percent_statements_covered_display": "96"}, "missing_lines": [105, 106], "excluded_lines": [], "start_line": 76}, "": {"executed_lines": [9, 11, 12, 13, 18, 34, 42, 49, 58, 66, 73, 76], "summary": {"covered_lines": 12, "num_statements": 12, "percent_covered": 100.0, "percent_covered_display": "100", "missing_lines": 0, "excluded_lines": 0, "percent_statements_covered": 100.0, "percent_statements_covered_display": "100"}, "missing_lines": [], "excluded_lines": [], "start_line": 1}}, "classes": {"SetupAgent": {"executed_lines": [74, 88, 89, 90, 92, 93, 94, 99, 102, 103, 109, 115, 116, 117, 118, 119, 120, 121, 122, 125, 126, 127, 128, 129, 132, 137, 140, 141, 142, 143, 144, 145, 149, 151, 152, 153, 155, 156, 157, 159, 160, 161, 162, 163, 165, 178, 179, 180, 183, 184, 193, 195], "summary": {"covered_lines": 52, "num_statements": 54, "percent_covered": 96.29629629629629, "percent_covered_display": "96", "missing_lines": 2, "excluded_lines": 0, "percent_statements_covered": 96.29629629629629, "percent_statements_covered_display": "96"}, "missing_lines": [105, 106], "excluded_lines": [], "start_line": 66}, "": {"executed_lines": [9, 11, 12, 13, 18, 34, 42, 49, 58, 59, 60, 61, 66, 73, 76], "summary": {"covered_lines": 15, "num_statements": 15, "percent_covered": 100.0, "percent_covered_display": "100", "missing_lines": 0, "excluded_lines": 0, "percent_statements_covered": 100.0, "percent_statements_covered_display": "100"}, "missing_lines": [], "excluded_lines": [], "start_line": 1}}}, "antcrew\\agents\\sprint_planner.py": {"executed_lines": [1, 3, 4, 6, 9, 19, 20, 21, 22, 24, 25, 26, 28, 29, 30, 33, 34, 36, 37, 38, 40, 41], "summary": {"covered_lines": 22, "num_statements": 22, "percent_covered": 100.0, "percent_covered_display": "100", "missing_lines": 0, "excluded_lines": 0, "percent_statements_covered": 100.0, "percent_statements_covered_display": "100"}, "missing_lines": [], "excluded_lines": [], "functions": {"SprintPlannerAgent.__init__": {"executed_lines": [25, 26], "summary": {"covered_lines": 2, "num_statements": 2, "percent_covered": 100.0, "percent_covered_display": "100", "missing_lines": 0, "excluded_lines": 0, "percent_statements_covered": 100.0, "percent_statements_covered_display": "100"}, "missing_lines": [], "excluded_lines": [], "start_line": 24}, "SprintPlannerAgent.run": {"executed_lines": [29, 30, 33, 34, 36, 37, 38, 40, 41], "summary": {"covered_lines": 9, "num_statements": 9, "percent_covered": 100.0, "percent_covered_display": "100", "missing_lines": 0, "excluded_lines": 0, "percent_statements_covered": 100.0, "percent_statements_covered_display": "100"}, "missing_lines": [], "excluded_lines": [], "start_line": 28}, "": {"executed_lines": [1, 3, 4, 6, 9, 19, 20, 21, 22, 24, 28], "summary": {"covered_lines": 11, "num_statements": 11, "percent_covered": 100.0, "percent_covered_display": "100", "missing_lines": 0, "excluded_lines": 0, "percent_statements_covered": 100.0, "percent_statements_covered_display": "100"}, "missing_lines": [], "excluded_lines": [], "start_line": 1}}, "classes": {"SprintPlannerAgent": {"executed_lines": [25, 26, 29, 30, 33, 34, 36, 37, 38, 40, 41], "summary": {"covered_lines": 11, "num_statements": 11, "percent_covered": 100.0, "percent_covered_display": "100", "missing_lines": 0, "excluded_lines": 0, "percent_statements_covered": 100.0, "percent_statements_covered_display": "100"}, "missing_lines": [], "excluded_lines": [], "start_line": 9}, "": {"executed_lines": [1, 3, 4, 6, 9, 19, 20, 21, 22, 24, 28], "summary": {"covered_lines": 11, "num_statements": 11, "percent_covered": 100.0, "percent_covered_display": "100", "missing_lines": 0, "excluded_lines": 0, "percent_statements_covered": 100.0, "percent_statements_covered_display": "100"}, "missing_lines": [], "excluded_lines": [], "start_line": 1}}}, "antcrew\\agents\\template_agent.py": {"executed_lines": [64, 66, 67, 68, 69, 71, 72, 80, 85, 88, 90, 91, 94, 95, 96, 99, 100, 101, 105, 115, 134, 137, 139, 140, 141, 142, 143, 147, 148, 151, 158, 159, 160, 161, 168, 170, 171, 172, 173, 174, 175, 177, 184, 186, 187, 189, 190, 194, 196, 197, 198, 201, 202, 209, 215, 216, 217, 218, 221, 222, 223, 224, 225, 228, 231, 233, 234, 235, 246, 266, 267, 269, 277, 278, 280, 282, 283, 284, 286, 287, 288, 289, 290, 291, 292, 293, 294, 295, 299, 300, 301, 302, 303, 305, 307, 308, 313, 314, 316, 322, 335, 341, 342, 344, 345, 346, 347, 348, 349, 350, 352, 354, 355, 360, 362, 363, 365, 366, 367, 368, 373, 380, 394], "summary": {"covered_lines": 123, "num_statements": 127, "percent_covered": 96.85039370078741, "percent_covered_display": "97", "missing_lines": 4, "excluded_lines": 2, "percent_statements_covered": 96.85039370078741, "percent_statements_covered_display": "97"}, "missing_lines": [176, 178, 181, 204], "excluded_lines": [74, 75], "functions": {"_strip_fences": {"executed_lines": [90, 91], "summary": {"covered_lines": 2, "num_statements": 2, "percent_covered": 100.0, "percent_covered_display": "100", "missing_lines": 0, "excluded_lines": 0, "percent_statements_covered": 100.0, "percent_statements_covered_display": "100"}, "missing_lines": [], "excluded_lines": [], "start_line": 88}, "_first_line": {"executed_lines": [95, 96], "summary": {"covered_lines": 2, "num_statements": 2, "percent_covered": 100.0, "percent_covered_display": "100", "missing_lines": 0, "excluded_lines": 0, "percent_statements_covered": 100.0, "percent_statements_covered_display": "100"}, "missing_lines": [], "excluded_lines": [], "start_line": 94}, "_last_line": {"executed_lines": [100, 101], "summary": {"covered_lines": 2, "num_statements": 2, "percent_covered": 100.0, "percent_covered_display": "100", "missing_lines": 0, "excluded_lines": 0, "percent_statements_covered": 100.0, "percent_statements_covered_display": "100"}, "missing_lines": [], "excluded_lines": [], "start_line": 99}, "register_transform": {"executed_lines": [134], "summary": {"covered_lines": 1, "num_statements": 1, "percent_covered": 100.0, "percent_covered_display": "100", "missing_lines": 0, "excluded_lines": 0, "percent_statements_covered": 100.0, "percent_statements_covered_display": "100"}, "missing_lines": [], "excluded_lines": [], "start_line": 115}, "_apply_post_process": {"executed_lines": [139, 140, 141, 142, 143, 147, 148], "summary": {"covered_lines": 7, "num_statements": 7, "percent_covered": 100.0, "percent_covered_display": "100", "missing_lines": 0, "excluded_lines": 0, "percent_statements_covered": 100.0, "percent_statements_covered_display": "100"}, "missing_lines": [], "excluded_lines": [], "start_line": 137}, "_interpolate": {"executed_lines": [158, 161], "summary": {"covered_lines": 2, "num_statements": 2, "percent_covered": 100.0, "percent_covered_display": "100", "missing_lines": 0, "excluded_lines": 0, "percent_statements_covered": 100.0, "percent_statements_covered_display": "100"}, "missing_lines": [], "excluded_lines": [], "start_line": 151}, "_interpolate._sub": {"executed_lines": [159, 160], "summary": {"covered_lines": 2, "num_statements": 2, "percent_covered": 100.0, "percent_covered_display": "100", "missing_lines": 0, "excluded_lines": 0, "percent_statements_covered": 100.0, "percent_statements_covered_display": "100"}, "missing_lines": [], "excluded_lines": [], "start_line": 158}, "_parse_cfg_text": {"executed_lines": [170, 171, 172, 173, 174, 175, 177], "summary": {"covered_lines": 7, "num_statements": 10, "percent_covered": 70.0, "percent_covered_display": "70", "missing_lines": 3, "excluded_lines": 0, "percent_statements_covered": 70.0, "percent_statements_covered_display": "70"}, "missing_lines": [176, 178, 181], "excluded_lines": [], "start_line": 168}, "_load_cfg": {"executed_lines": [186, 187, 189, 190, 194, 196, 197, 198, 201, 202], "summary": {"covered_lines": 10, "num_statements": 11, "percent_covered": 90.9090909090909, "percent_covered_display": "91", "missing_lines": 1, "excluded_lines": 0, "percent_statements_covered": 90.9090909090909, "percent_statements_covered_display": "91"}, "missing_lines": [204], "excluded_lines": [], "start_line": 184}, "_resolve_prompt_file": {"executed_lines": [215, 216, 217, 218, 221, 222, 223, 224, 225, 228], "summary": {"covered_lines": 10, "num_statements": 10, "percent_covered": 100.0, "percent_covered_display": "100", "missing_lines": 0, "excluded_lines": 0, "percent_statements_covered": 100.0, "percent_statements_covered_display": "100"}, "missing_lines": [], "excluded_lines": [], "start_line": 209}, "_validate_cfg": {"executed_lines": [233, 234, 235], "summary": {"covered_lines": 3, "num_statements": 3, "percent_covered": 100.0, "percent_covered_display": "100", "missing_lines": 0, "excluded_lines": 0, "percent_statements_covered": 100.0, "percent_statements_covered_display": "100"}, "missing_lines": [], "excluded_lines": [], "start_line": 231}, "TemplateAgent.__init__": {"executed_lines": [277, 278, 280, 282, 283, 284, 286, 287, 288, 289, 290, 291, 292, 293, 294, 295, 299, 300, 301, 302, 303, 305, 307, 308, 313, 314, 316], "summary": {"covered_lines": 27, "num_statements": 27, "percent_covered": 100.0, "percent_covered_display": "100", "missing_lines": 0, "excluded_lines": 0, "percent_statements_covered": 100.0, "percent_statements_covered_display": "100"}, "missing_lines": [], "excluded_lines": [], "start_line": 269}, "TemplateAgent.run": {"executed_lines": [335, 341, 342, 344, 345, 346, 347, 348, 349, 350, 352, 354, 355, 360, 362, 363, 365, 366, 367, 368, 373], "summary": {"covered_lines": 21, "num_statements": 21, "percent_covered": 100.0, "percent_covered_display": "100", "missing_lines": 0, "excluded_lines": 0, "percent_statements_covered": 100.0, "percent_statements_covered_display": "100"}, "missing_lines": [], "excluded_lines": [], "start_line": 322}, "load_template_agent": {"executed_lines": [394], "summary": {"covered_lines": 1, "num_statements": 1, "percent_covered": 100.0, "percent_covered_display": "100", "missing_lines": 0, "excluded_lines": 0, "percent_statements_covered": 100.0, "percent_statements_covered_display": "100"}, "missing_lines": [], "excluded_lines": [], "start_line": 380}, "": {"executed_lines": [64, 66, 67, 68, 69, 71, 72, 80, 85, 88, 94, 99, 105, 115, 137, 151, 168, 184, 209, 231, 246, 266, 267, 269, 322, 380], "summary": {"covered_lines": 26, "num_statements": 26, "percent_covered": 100.0, "percent_covered_display": "100", "missing_lines": 0, "excluded_lines": 2, "percent_statements_covered": 100.0, "percent_statements_covered_display": "100"}, "missing_lines": [], "excluded_lines": [74, 75], "start_line": 1}}, "classes": {"TemplateAgent": {"executed_lines": [277, 278, 280, 282, 283, 284, 286, 287, 288, 289, 290, 291, 292, 293, 294, 295, 299, 300, 301, 302, 303, 305, 307, 308, 313, 314, 316, 335, 341, 342, 344, 345, 346, 347, 348, 349, 350, 352, 354, 355, 360, 362, 363, 365, 366, 367, 368, 373], "summary": {"covered_lines": 48, "num_statements": 48, "percent_covered": 100.0, "percent_covered_display": "100", "missing_lines": 0, "excluded_lines": 0, "percent_statements_covered": 100.0, "percent_statements_covered_display": "100"}, "missing_lines": [], "excluded_lines": [], "start_line": 246}, "": {"executed_lines": [64, 66, 67, 68, 69, 71, 72, 80, 85, 88, 90, 91, 94, 95, 96, 99, 100, 101, 105, 115, 134, 137, 139, 140, 141, 142, 143, 147, 148, 151, 158, 159, 160, 161, 168, 170, 171, 172, 173, 174, 175, 177, 184, 186, 187, 189, 190, 194, 196, 197, 198, 201, 202, 209, 215, 216, 217, 218, 221, 222, 223, 224, 225, 228, 231, 233, 234, 235, 246, 266, 267, 269, 322, 380, 394], "summary": {"covered_lines": 75, "num_statements": 79, "percent_covered": 94.9367088607595, "percent_covered_display": "95", "missing_lines": 4, "excluded_lines": 2, "percent_statements_covered": 94.9367088607595, "percent_statements_covered_display": "95"}, "missing_lines": [176, 178, 181, 204], "excluded_lines": [74, 75], "start_line": 1}}}, "antcrew\\checkpointers.py": {"executed_lines": [26, 28, 29, 33], "summary": {"covered_lines": 4, "num_statements": 6, "percent_covered": 66.66666666666667, "percent_covered_display": "67", "missing_lines": 2, "excluded_lines": 0, "percent_statements_covered": 66.66666666666667, "percent_statements_covered_display": "67"}, "missing_lines": [30, 31], "excluded_lines": [], "functions": {"": {"executed_lines": [26, 28, 29, 33], "summary": {"covered_lines": 4, "num_statements": 6, "percent_covered": 66.66666666666667, "percent_covered_display": "67", "missing_lines": 2, "excluded_lines": 0, "percent_statements_covered": 66.66666666666667, "percent_statements_covered_display": "67"}, "missing_lines": [30, 31], "excluded_lines": [], "start_line": 1}}, "classes": {"": {"executed_lines": [26, 28, 29, 33], "summary": {"covered_lines": 4, "num_statements": 6, "percent_covered": 66.66666666666667, "percent_covered_display": "67", "missing_lines": 2, "excluded_lines": 0, "percent_statements_covered": 66.66666666666667, "percent_statements_covered_display": "67"}, "missing_lines": [30, 31], "excluded_lines": [], "start_line": 1}}}, "antcrew\\cli\\__init__.py": {"executed_lines": [2, 5, 10, 13, 16, 20, 21, 22, 23, 24, 25, 26, 27, 28, 29, 30, 31, 32, 33, 34, 35, 36, 38], "summary": {"covered_lines": 23, "num_statements": 24, "percent_covered": 95.83333333333333, "percent_covered_display": "96", "missing_lines": 1, "excluded_lines": 0, "percent_statements_covered": 95.83333333333333, "percent_statements_covered_display": "96"}, "missing_lines": [39], "excluded_lines": [], "functions": {"": {"executed_lines": [2, 5, 10, 13, 16, 20, 21, 22, 23, 24, 25, 26, 27, 28, 29, 30, 31, 32, 33, 34, 35, 36, 38], "summary": {"covered_lines": 23, "num_statements": 24, "percent_covered": 95.83333333333333, "percent_covered_display": "96", "missing_lines": 1, "excluded_lines": 0, "percent_statements_covered": 95.83333333333333, "percent_statements_covered_display": "96"}, "missing_lines": [39], "excluded_lines": [], "start_line": 1}}, "classes": {"": {"executed_lines": [2, 5, 10, 13, 16, 20, 21, 22, 23, 24, 25, 26, 27, 28, 29, 30, 31, 32, 33, 34, 35, 36, 38], "summary": {"covered_lines": 23, "num_statements": 24, "percent_covered": 95.83333333333333, "percent_covered_display": "96", "missing_lines": 1, "excluded_lines": 0, "percent_statements_covered": 95.83333333333333, "percent_statements_covered_display": "96"}, "missing_lines": [39], "excluded_lines": [], "start_line": 1}}}, "antcrew\\cli\\_app.py": {"executed_lines": [2, 4, 5, 7, 12, 15, 20, 23, 28, 30, 31], "summary": {"covered_lines": 11, "num_statements": 11, "percent_covered": 100.0, "percent_covered_display": "100", "missing_lines": 0, "excluded_lines": 0, "percent_statements_covered": 100.0, "percent_statements_covered_display": "100"}, "missing_lines": [], "excluded_lines": [], "functions": {"": {"executed_lines": [2, 4, 5, 7, 12, 15, 20, 23, 28, 30, 31], "summary": {"covered_lines": 11, "num_statements": 11, "percent_covered": 100.0, "percent_covered_display": "100", "missing_lines": 0, "excluded_lines": 0, "percent_statements_covered": 100.0, "percent_statements_covered_display": "100"}, "missing_lines": [], "excluded_lines": [], "start_line": 1}}, "classes": {"": {"executed_lines": [2, 4, 5, 7, 12, 15, 20, 23, 28, 30, 31], "summary": {"covered_lines": 11, "num_statements": 11, "percent_covered": 100.0, "percent_covered_display": "100", "missing_lines": 0, "excluded_lines": 0, "percent_statements_covered": 100.0, "percent_statements_covered_display": "100"}, "missing_lines": [], "excluded_lines": [], "start_line": 1}}}, "antcrew\\cli\\_run_helpers.py": {"executed_lines": [2, 4, 5, 6, 8, 9, 11, 13, 14, 16, 17, 18, 22, 23, 25, 26, 27, 28, 29, 30, 32, 33, 34, 35, 36, 37, 42, 43, 45, 47, 48, 49, 50, 51, 52, 54, 56, 57, 60, 62, 63, 64, 65, 67, 68, 70, 71, 72, 73, 74, 75, 76, 77, 82, 83, 84, 88, 118, 119, 120, 124, 126, 128, 131, 133, 134, 135, 138, 139, 140, 144, 145, 147, 148, 149, 151, 153, 154, 155, 156, 157, 158, 164, 166, 172, 174, 175, 182, 185, 187, 188, 189, 190, 191, 192, 193, 194, 195, 197, 198, 199, 200, 201, 204, 207, 212, 213, 217, 218, 219, 220, 221, 222, 223, 224, 225, 226, 227, 228, 229, 230, 238, 242, 243, 245, 249], "summary": {"covered_lines": 126, "num_statements": 156, "percent_covered": 80.76923076923077, "percent_covered_display": "81", "missing_lines": 30, "excluded_lines": 0, "percent_statements_covered": 80.76923076923077, "percent_statements_covered_display": "81"}, "missing_lines": [44, 46, 53, 90, 92, 93, 94, 95, 96, 97, 103, 104, 105, 106, 112, 114, 115, 141, 142, 231, 232, 233, 234, 236, 239, 240, 241, 244, 246, 247], "excluded_lines": [], "functions": {"_print_dry_run": {"executed_lines": [13, 14, 16, 17, 18, 22, 23, 25, 26, 27, 28, 29, 30, 32, 33, 34, 35, 36, 37, 42, 43, 45, 47, 48, 49, 50, 51, 52, 54, 56, 57], "summary": {"covered_lines": 31, "num_statements": 34, "percent_covered": 91.17647058823529, "percent_covered_display": "91", "missing_lines": 3, "excluded_lines": 0, "percent_statements_covered": 91.17647058823529, "percent_statements_covered_display": "91"}, "missing_lines": [44, 46, 53], "excluded_lines": [], "start_line": 11}, "_run_custom_with_progress": {"executed_lines": [62, 63, 64, 65, 67, 68, 70, 88, 118, 119, 120, 124, 126, 128], "summary": {"covered_lines": 14, "num_statements": 23, "percent_covered": 60.869565217391305, "percent_covered_display": "61", "missing_lines": 9, "excluded_lines": 0, "percent_statements_covered": 60.869565217391305, "percent_statements_covered_display": "61"}, "missing_lines": [90, 92, 103, 104, 105, 106, 112, 114, 115], "excluded_lines": [], "start_line": 60}, "_run_custom_with_progress._on_step": {"executed_lines": [71, 72, 73, 74, 75, 76, 77, 82, 83, 84], "summary": {"covered_lines": 10, "num_statements": 10, "percent_covered": 100.0, "percent_covered_display": "100", "missing_lines": 0, "excluded_lines": 0, "percent_statements_covered": 100.0, "percent_statements_covered_display": "100"}, "missing_lines": [], "excluded_lines": [], "start_line": 70}, "_run_custom_with_progress._on_token": {"executed_lines": [], "summary": {"covered_lines": 0, "num_statements": 5, "percent_covered": 0.0, "percent_covered_display": "0", "missing_lines": 5, "excluded_lines": 0, "percent_statements_covered": 0.0, "percent_statements_covered_display": "0"}, "missing_lines": [93, 94, 95, 96, 97], "excluded_lines": [], "start_line": 92}, "_run_with_stream": {"executed_lines": [133, 134, 135, 138, 139, 140, 144, 145, 147, 148, 149, 151, 153, 164, 166, 172, 174, 175], "summary": {"covered_lines": 18, "num_statements": 20, "percent_covered": 90.0, "percent_covered_display": "90", "missing_lines": 2, "excluded_lines": 0, "percent_statements_covered": 90.0, "percent_statements_covered_display": "90"}, "missing_lines": [141, 142], "excluded_lines": [], "start_line": 131}, "_run_with_stream._on_token": {"executed_lines": [154, 155, 156, 157, 158], "summary": {"covered_lines": 5, "num_statements": 5, "percent_covered": 100.0, "percent_covered_display": "100", "missing_lines": 0, "excluded_lines": 0, "percent_statements_covered": 100.0, "percent_statements_covered_display": "100"}, "missing_lines": [], "excluded_lines": [], "start_line": 153}, "_save_outputs_to_dir": {"executed_lines": [187, 188, 189, 190, 191, 192, 193, 194, 195, 197, 198, 199, 200, 201], "summary": {"covered_lines": 14, "num_statements": 14, "percent_covered": 100.0, "percent_covered_display": "100", "missing_lines": 0, "excluded_lines": 0, "percent_statements_covered": 100.0, "percent_statements_covered_display": "100"}, "missing_lines": [], "excluded_lines": [], "start_line": 185}, "_run_repl": {"executed_lines": [212, 213, 217, 218, 219, 220, 221, 222, 223, 224, 225, 226, 227, 228, 229, 230, 238, 242, 243, 245, 249], "summary": {"covered_lines": 21, "num_statements": 32, "percent_covered": 65.625, "percent_covered_display": "66", "missing_lines": 11, "excluded_lines": 0, "percent_statements_covered": 65.625, "percent_statements_covered_display": "66"}, "missing_lines": [231, 232, 233, 234, 236, 239, 240, 241, 244, 246, 247], "excluded_lines": [], "start_line": 207}, "": {"executed_lines": [2, 4, 5, 6, 8, 9, 11, 60, 131, 182, 185, 204, 207], "summary": {"covered_lines": 13, "num_statements": 13, "percent_covered": 100.0, "percent_covered_display": "100", "missing_lines": 0, "excluded_lines": 0, "percent_statements_covered": 100.0, "percent_statements_covered_display": "100"}, "missing_lines": [], "excluded_lines": [], "start_line": 1}}, "classes": {"": {"executed_lines": [2, 4, 5, 6, 8, 9, 11, 13, 14, 16, 17, 18, 22, 23, 25, 26, 27, 28, 29, 30, 32, 33, 34, 35, 36, 37, 42, 43, 45, 47, 48, 49, 50, 51, 52, 54, 56, 57, 60, 62, 63, 64, 65, 67, 68, 70, 71, 72, 73, 74, 75, 76, 77, 82, 83, 84, 88, 118, 119, 120, 124, 126, 128, 131, 133, 134, 135, 138, 139, 140, 144, 145, 147, 148, 149, 151, 153, 154, 155, 156, 157, 158, 164, 166, 172, 174, 175, 182, 185, 187, 188, 189, 190, 191, 192, 193, 194, 195, 197, 198, 199, 200, 201, 204, 207, 212, 213, 217, 218, 219, 220, 221, 222, 223, 224, 225, 226, 227, 228, 229, 230, 238, 242, 243, 245, 249], "summary": {"covered_lines": 126, "num_statements": 156, "percent_covered": 80.76923076923077, "percent_covered_display": "81", "missing_lines": 30, "excluded_lines": 0, "percent_statements_covered": 80.76923076923077, "percent_statements_covered_display": "81"}, "missing_lines": [44, 46, 53, 90, 92, 93, 94, 95, 96, 97, 103, 104, 105, 106, 112, 114, 115, 141, 142, 231, 232, 233, 234, 236, 239, 240, 241, 244, 246, 247], "excluded_lines": [], "start_line": 1}}}, "antcrew\\cli\\_shared.py": {"executed_lines": [2, 4, 5, 6, 8, 16, 27, 29, 31, 32, 33, 34, 35, 36, 41, 42, 43, 44, 45, 46, 51, 52, 53, 54, 58, 59, 60, 64, 65, 66, 67, 71, 72, 73, 74, 75, 76, 77, 78, 82, 83, 84, 88, 89, 90, 91, 97, 98, 99, 100, 104, 105, 106, 111, 112, 113, 114, 120, 121, 122, 123, 124, 125, 126, 132, 141, 143, 144, 146, 147, 148, 149, 151, 152, 153, 154, 155, 156, 157, 158, 159, 161, 163, 164, 166, 167, 168, 169, 170, 171, 172, 183, 185, 187, 188, 191, 193, 194, 195, 196, 197, 198, 200, 201, 202, 203, 211, 212, 213, 220, 221, 229, 231, 236, 237, 239, 240, 244, 246, 247, 248, 249, 250, 251, 252, 253, 254, 255, 256, 257, 258, 259, 260, 261, 262, 263, 264, 265, 266, 267, 268, 269, 270, 272, 273, 274, 279, 280, 281, 282, 287, 288, 289, 290, 291, 296, 297, 298, 299, 300, 328, 331, 336, 337, 338, 339], "summary": {"covered_lines": 166, "num_statements": 190, "percent_covered": 87.36842105263158, "percent_covered_display": "87", "missing_lines": 24, "excluded_lines": 0, "percent_statements_covered": 87.36842105263158, "percent_statements_covered_display": "87"}, "missing_lines": [48, 133, 134, 160, 162, 186, 189, 238, 241, 242, 305, 306, 307, 308, 312, 313, 314, 319, 320, 321, 322, 329, 332, 333], "excluded_lines": [], "functions": {"_build_team": {"executed_lines": [27, 29, 31, 32, 33, 34, 35, 36, 41, 42, 43, 44, 45, 46], "summary": {"covered_lines": 14, "num_statements": 15, "percent_covered": 93.33333333333333, "percent_covered_display": "93", "missing_lines": 1, "excluded_lines": 0, "percent_statements_covered": 93.33333333333333, "percent_statements_covered_display": "93"}, "missing_lines": [48], "excluded_lines": [], "start_line": 16}, "_print_state": {"executed_lines": [52, 53, 54, 58, 59, 60, 64, 65, 66, 67, 71, 72, 73, 74, 75, 76, 77, 78, 82, 83, 84, 88, 89, 90, 91, 97, 98, 99, 100, 104, 105, 106, 111, 112, 113, 114, 120, 121, 122, 123, 124, 125, 126, 132], "summary": {"covered_lines": 44, "num_statements": 46, "percent_covered": 95.65217391304348, "percent_covered_display": "96", "missing_lines": 2, "excluded_lines": 0, "percent_statements_covered": 95.65217391304348, "percent_statements_covered_display": "96"}, "missing_lines": [133, 134], "excluded_lines": [], "start_line": 51}, "_print_test_results": {"executed_lines": [143, 144, 146, 147, 148, 149, 151, 152, 153, 154, 155, 156, 157, 158, 159, 161, 163, 164, 166, 167, 168, 169, 170, 171, 172], "summary": {"covered_lines": 25, "num_statements": 27, "percent_covered": 92.5925925925926, "percent_covered_display": "93", "missing_lines": 2, "excluded_lines": 0, "percent_statements_covered": 92.5925925925926, "percent_statements_covered_display": "93"}, "missing_lines": [160, 162], "excluded_lines": [], "start_line": 141}, "_print_usage": {"executed_lines": [185, 187, 188, 191, 193, 194, 195, 196, 197, 198, 200, 201, 202, 203, 211, 212, 213, 220, 221], "summary": {"covered_lines": 19, "num_statements": 21, "percent_covered": 90.47619047619048, "percent_covered_display": "90", "missing_lines": 2, "excluded_lines": 0, "percent_statements_covered": 90.47619047619048, "percent_statements_covered_display": "90"}, "missing_lines": [186, 189], "excluded_lines": [], "start_line": 183}, "_print_state_raw": {"executed_lines": [231, 236, 244, 246, 247, 248, 249, 250, 251, 252, 253, 254, 255, 256, 257, 258, 259, 260, 261, 262, 263, 264, 265, 266, 267, 268, 269, 270, 272, 273, 274, 279, 280, 281, 282, 287, 288, 289, 290, 291, 296, 297, 298, 299, 300, 328, 331, 336, 337, 338, 339], "summary": {"covered_lines": 51, "num_statements": 65, "percent_covered": 78.46153846153847, "percent_covered_display": "78", "missing_lines": 14, "excluded_lines": 0, "percent_statements_covered": 78.46153846153847, "percent_statements_covered_display": "78"}, "missing_lines": [305, 306, 307, 308, 312, 313, 314, 319, 320, 321, 322, 329, 332, 333], "excluded_lines": [], "start_line": 229}, "_print_state_raw._maybe": {"executed_lines": [237, 239, 240], "summary": {"covered_lines": 3, "num_statements": 6, "percent_covered": 50.0, "percent_covered_display": "50", "missing_lines": 3, "excluded_lines": 0, "percent_statements_covered": 50.0, "percent_statements_covered_display": "50"}, "missing_lines": [238, 241, 242], "excluded_lines": [], "start_line": 236}, "": {"executed_lines": [2, 4, 5, 6, 8, 16, 51, 141, 183, 229], "summary": {"covered_lines": 10, "num_statements": 10, "percent_covered": 100.0, "percent_covered_display": "100", "missing_lines": 0, "excluded_lines": 0, "percent_statements_covered": 100.0, "percent_statements_covered_display": "100"}, "missing_lines": [], "excluded_lines": [], "start_line": 1}}, "classes": {"": {"executed_lines": [2, 4, 5, 6, 8, 16, 27, 29, 31, 32, 33, 34, 35, 36, 41, 42, 43, 44, 45, 46, 51, 52, 53, 54, 58, 59, 60, 64, 65, 66, 67, 71, 72, 73, 74, 75, 76, 77, 78, 82, 83, 84, 88, 89, 90, 91, 97, 98, 99, 100, 104, 105, 106, 111, 112, 113, 114, 120, 121, 122, 123, 124, 125, 126, 132, 141, 143, 144, 146, 147, 148, 149, 151, 152, 153, 154, 155, 156, 157, 158, 159, 161, 163, 164, 166, 167, 168, 169, 170, 171, 172, 183, 185, 187, 188, 191, 193, 194, 195, 196, 197, 198, 200, 201, 202, 203, 211, 212, 213, 220, 221, 229, 231, 236, 237, 239, 240, 244, 246, 247, 248, 249, 250, 251, 252, 253, 254, 255, 256, 257, 258, 259, 260, 261, 262, 263, 264, 265, 266, 267, 268, 269, 270, 272, 273, 274, 279, 280, 281, 282, 287, 288, 289, 290, 291, 296, 297, 298, 299, 300, 328, 331, 336, 337, 338, 339], "summary": {"covered_lines": 166, "num_statements": 190, "percent_covered": 87.36842105263158, "percent_covered_display": "87", "missing_lines": 24, "excluded_lines": 0, "percent_statements_covered": 87.36842105263158, "percent_statements_covered_display": "87"}, "missing_lines": [48, 133, 134, 160, 162, 186, 189, 238, 241, 242, 305, 306, 307, 308, 312, 313, 314, 319, 320, 321, 322, 329, 332, 333], "excluded_lines": [], "start_line": 1}}}, "antcrew\\cli\\_templates.py": {"executed_lines": [2, 4, 52, 98, 139, 193, 225, 251, 284, 301, 347], "summary": {"covered_lines": 11, "num_statements": 11, "percent_covered": 100.0, "percent_covered_display": "100", "missing_lines": 0, "excluded_lines": 0, "percent_statements_covered": 100.0, "percent_statements_covered_display": "100"}, "missing_lines": [], "excluded_lines": [], "functions": {"": {"executed_lines": [2, 4, 52, 98, 139, 193, 225, 251, 284, 301, 347], "summary": {"covered_lines": 11, "num_statements": 11, "percent_covered": 100.0, "percent_covered_display": "100", "missing_lines": 0, "excluded_lines": 0, "percent_statements_covered": 100.0, "percent_statements_covered_display": "100"}, "missing_lines": [], "excluded_lines": [], "start_line": 1}}, "classes": {"": {"executed_lines": [2, 4, 52, 98, 139, 193, 225, 251, 284, 301, 347], "summary": {"covered_lines": 11, "num_statements": 11, "percent_covered": 100.0, "percent_covered_display": "100", "missing_lines": 0, "excluded_lines": 0, "percent_statements_covered": 100.0, "percent_statements_covered_display": "100"}, "missing_lines": [], "excluded_lines": [], "start_line": 1}}}, "antcrew\\cli\\cost_cmd.py": {"executed_lines": [2, 4, 5, 6, 8, 10, 13, 14, 36, 38, 39, 40, 41, 43, 47, 49, 50, 51, 52, 53, 55, 56, 57, 58, 60, 61, 62, 65, 66, 68, 71, 73, 74, 78, 79, 80, 89, 90, 96, 97, 98, 99, 100, 101, 102, 103, 104, 110, 111], "summary": {"covered_lines": 49, "num_statements": 53, "percent_covered": 92.45283018867924, "percent_covered_display": "92", "missing_lines": 4, "excluded_lines": 0, "percent_statements_covered": 92.45283018867924, "percent_statements_covered_display": "92"}, "missing_lines": [67, 69, 75, 76], "excluded_lines": [], "functions": {"cost_cmd": {"executed_lines": [36, 38, 39, 40, 41, 43, 47, 49, 50, 51, 52, 53, 55, 56, 57, 58, 60, 61, 62, 65, 66, 68, 71, 73, 74, 78, 79, 80, 89, 90, 96, 97, 98, 99, 100, 101, 102, 103, 104, 110, 111], "summary": {"covered_lines": 41, "num_statements": 45, "percent_covered": 91.11111111111111, "percent_covered_display": "91", "missing_lines": 4, "excluded_lines": 0, "percent_statements_covered": 91.11111111111111, "percent_statements_covered_display": "91"}, "missing_lines": [67, 69, 75, 76], "excluded_lines": [], "start_line": 14}, "": {"executed_lines": [2, 4, 5, 6, 8, 10, 13, 14], "summary": {"covered_lines": 8, "num_statements": 8, "percent_covered": 100.0, "percent_covered_display": "100", "missing_lines": 0, "excluded_lines": 0, "percent_statements_covered": 100.0, "percent_statements_covered_display": "100"}, "missing_lines": [], "excluded_lines": [], "start_line": 1}}, "classes": {"": {"executed_lines": [2, 4, 5, 6, 8, 10, 13, 14, 36, 38, 39, 40, 41, 43, 47, 49, 50, 51, 52, 53, 55, 56, 57, 58, 60, 61, 62, 65, 66, 68, 71, 73, 74, 78, 79, 80, 89, 90, 96, 97, 98, 99, 100, 101, 102, 103, 104, 110, 111], "summary": {"covered_lines": 49, "num_statements": 53, "percent_covered": 92.45283018867924, "percent_covered_display": "92", "missing_lines": 4, "excluded_lines": 0, "percent_statements_covered": 92.45283018867924, "percent_statements_covered_display": "92"}, "missing_lines": [67, 69, 75, 76], "excluded_lines": [], "start_line": 1}}}, "antcrew\\cli\\eval_cmds.py": {"executed_lines": [2, 4, 5, 6, 8, 10, 11, 13, 43, 44, 142, 143, 176, 177, 178, 181, 182, 183, 185, 186, 187, 188, 189, 191, 192, 194, 195, 196, 197, 198, 200, 201, 202, 209, 210, 211, 212, 213, 219, 220, 222, 223, 224, 225, 226, 234, 236, 237, 238, 239, 240, 241, 243, 250, 251, 252, 253, 257, 258, 259, 260, 261, 263, 268, 269, 270, 271, 272, 273, 274, 275, 277, 279, 280, 281, 282, 283, 284, 285, 286, 287, 289, 291, 292, 293, 294, 300, 301, 302, 303, 305, 306], "summary": {"covered_lines": 92, "num_statements": 172, "percent_covered": 53.48837209302326, "percent_covered_display": "53", "missing_lines": 80, "excluded_lines": 0, "percent_statements_covered": 53.48837209302326, "percent_statements_covered_display": "53"}, "missing_lines": [15, 17, 18, 20, 21, 22, 23, 24, 26, 27, 28, 30, 31, 32, 34, 35, 36, 37, 38, 39, 40, 77, 82, 83, 84, 85, 86, 88, 91, 92, 93, 94, 95, 96, 98, 99, 100, 101, 102, 103, 104, 105, 106, 107, 108, 110, 112, 113, 114, 115, 116, 117, 119, 120, 123, 124, 125, 126, 129, 130, 131, 132, 133, 134, 136, 137, 139, 214, 215, 216, 227, 228, 229, 230, 231, 232, 254, 255, 264, 265], "excluded_lines": [], "functions": {"_extract_state_to_dir": {"executed_lines": [], "summary": {"covered_lines": 0, "num_statements": 17, "percent_covered": 0.0, "percent_covered_display": "0", "missing_lines": 17, "excluded_lines": 0, "percent_statements_covered": 0.0, "percent_statements_covered_display": "0"}, "missing_lines": [15, 17, 18, 20, 26, 27, 28, 30, 31, 32, 34, 35, 36, 37, 38, 39, 40], "excluded_lines": [], "start_line": 13}, "_extract_state_to_dir._collect": {"executed_lines": [], "summary": {"covered_lines": 0, "num_statements": 4, "percent_covered": 0.0, "percent_covered_display": "0", "missing_lines": 4, "excluded_lines": 0, "percent_statements_covered": 0.0, "percent_statements_covered_display": "0"}, "missing_lines": [21, 22, 23, 24], "excluded_lines": [], "start_line": 20}, "interactive": {"executed_lines": [], "summary": {"covered_lines": 0, "num_statements": 46, "percent_covered": 0.0, "percent_covered_display": "0", "missing_lines": 46, "excluded_lines": 0, "percent_statements_covered": 0.0, "percent_statements_covered_display": "0"}, "missing_lines": [77, 82, 83, 84, 85, 86, 88, 91, 92, 93, 94, 95, 96, 98, 99, 100, 101, 102, 103, 104, 105, 106, 107, 108, 110, 112, 113, 114, 115, 116, 117, 119, 120, 123, 124, 125, 126, 129, 130, 131, 132, 133, 134, 136, 137, 139], "excluded_lines": [], "start_line": 44}, "eval_cmd": {"executed_lines": [176, 177, 178, 181, 182, 183, 185, 186, 187, 188, 189, 191, 192, 194, 195, 196, 197, 198, 200, 201, 202, 209, 210, 211, 212, 213, 219, 220, 222, 223, 224, 225, 226, 234, 236, 237, 238, 239, 240, 241, 243, 250, 251, 252, 253, 257, 258, 259, 260, 261, 263, 268, 269, 270, 271, 272, 273, 274, 275, 277, 279, 280, 281, 282, 283, 284, 285, 286, 287, 289, 291, 292, 293, 294, 300, 301, 302, 303, 305, 306], "summary": {"covered_lines": 80, "num_statements": 93, "percent_covered": 86.02150537634408, "percent_covered_display": "86", "missing_lines": 13, "excluded_lines": 0, "percent_statements_covered": 86.02150537634408, "percent_statements_covered_display": "86"}, "missing_lines": [214, 215, 216, 227, 228, 229, 230, 231, 232, 254, 255, 264, 265], "excluded_lines": [], "start_line": 143}, "": {"executed_lines": [2, 4, 5, 6, 8, 10, 11, 13, 43, 44, 142, 143], "summary": {"covered_lines": 12, "num_statements": 12, "percent_covered": 100.0, "percent_covered_display": "100", "missing_lines": 0, "excluded_lines": 0, "percent_statements_covered": 100.0, "percent_statements_covered_display": "100"}, "missing_lines": [], "excluded_lines": [], "start_line": 1}}, "classes": {"": {"executed_lines": [2, 4, 5, 6, 8, 10, 11, 13, 43, 44, 142, 143, 176, 177, 178, 181, 182, 183, 185, 186, 187, 188, 189, 191, 192, 194, 195, 196, 197, 198, 200, 201, 202, 209, 210, 211, 212, 213, 219, 220, 222, 223, 224, 225, 226, 234, 236, 237, 238, 239, 240, 241, 243, 250, 251, 252, 253, 257, 258, 259, 260, 261, 263, 268, 269, 270, 271, 272, 273, 274, 275, 277, 279, 280, 281, 282, 283, 284, 285, 286, 287, 289, 291, 292, 293, 294, 300, 301, 302, 303, 305, 306], "summary": {"covered_lines": 92, "num_statements": 172, "percent_covered": 53.48837209302326, "percent_covered_display": "53", "missing_lines": 80, "excluded_lines": 0, "percent_statements_covered": 53.48837209302326, "percent_statements_covered_display": "53"}, "missing_lines": [15, 17, 18, 20, 21, 22, 23, 24, 26, 27, 28, 30, 31, 32, 34, 35, 36, 37, 38, 39, 40, 77, 82, 83, 84, 85, 86, 88, 91, 92, 93, 94, 95, 96, 98, 99, 100, 101, 102, 103, 104, 105, 106, 107, 108, 110, 112, 113, 114, 115, 116, 117, 119, 120, 123, 124, 125, 126, 129, 130, 131, 132, 133, 134, 136, 137, 139, 214, 215, 216, 227, 228, 229, 230, 231, 232, 254, 255, 264, 265], "excluded_lines": [], "start_line": 1}}}, "antcr
[...]
, 114, 115, 117, 118, 130, 131, 132, 133, 135, 139, 140, 141, 142, 143, 144, 145], "summary": {"covered_lines": 24, "num_statements": 27, "percent_covered": 88.88888888888889, "percent_covered_display": "89", "missing_lines": 3, "excluded_lines": 0, "percent_statements_covered": 88.88888888888889, "percent_statements_covered_display": "89"}, "missing_lines": [112, 136, 137], "excluded_lines": [], "start_line": 87}, "FullStackTeam._parse_scan_context": {"executed_lines": [149, 150, 151, 152, 153, 154, 157, 159, 161], "summary": {"covered_lines": 9, "num_statements": 9, "percent_covered": 100.0, "percent_covered_display": "100", "missing_lines": 0, "excluded_lines": 0, "percent_statements_covered": 100.0, "percent_statements_covered_display": "100"}, "missing_lines": [], "excluded_lines": [], "start_line": 147}, "FullStackTeam._initial_state": {"executed_lines": [164, 165], "summary": {"covered_lines": 2, "num_statements": 2, "percent_covered": 100.0, "percent_covered_display": "100", "missing_lines": 0, "excluded_lines": 0, "percent_statements_covered": 100.0, "percent_statements_covered_display": "100"}, "missing_lines": [], "excluded_lines": [], "start_line": 163}, "FullStackTeam.run": {"executed_lines": [191, 192, 194, 195, 202, 203, 204, 205, 206, 208, 209, 210, 216, 220, 222, 228], "summary": {"covered_lines": 16, "num_statements": 32, "percent_covered": 50.0, "percent_covered_display": "50", "missing_lines": 16, "excluded_lines": 0, "percent_statements_covered": 50.0, "percent_statements_covered_display": "50"}, "missing_lines": [193, 196, 199, 200, 201, 207, 214, 215, 221, 223, 224, 225, 226, 229, 230, 231], "excluded_lines": [], "start_line": 189}, "": {"executed_lines": [1, 3, 4, 6, 7, 8, 9, 10, 11, 12, 13, 14, 15, 16, 17, 18, 19, 20, 21, 22, 31, 33, 50, 87, 147, 163, 189], "summary": {"covered_lines": 27, "num_statements": 27, "percent_covered": 100.0, "percent_covered_display": "100", "missing_lines": 0, "excluded_lines": 6, "percent_statements_covered": 100.0, "percent_statements_covered_display": "100"}, "missing_lines": [], "excluded_lines": [24, 25, 26, 27, 28, 29], "start_line": 1}}, "classes": {"FullStackTeam": {"executed_lines": [105, 106, 107, 108, 109, 110, 111, 113, 114, 115, 117, 118, 130, 131, 132, 133, 135, 139, 140, 141, 142, 143, 144, 145, 149, 150, 151, 152, 153, 154, 157, 159, 161, 164, 165, 191, 192, 194, 195, 202, 203, 204, 205, 206, 208, 209, 210, 216, 220, 222, 228], "summary": {"covered_lines": 51, "num_statements": 70, "percent_covered": 72.85714285714286, "percent_covered_display": "73", "missing_lines": 19, "excluded_lines": 0, "percent_statements_covered": 72.85714285714286, "percent_statements_covered_display": "73"}, "missing_lines": [112, 136, 137, 193, 196, 199, 200, 201, 207, 214, 215, 221, 223, 224, 225, 226, 229, 230, 231], "excluded_lines": [], "start_line": 50}, "": {"executed_lines": [1, 3, 4, 6, 7, 8, 9, 10, 11, 12, 13, 14, 15, 16, 17, 18, 19, 20, 21, 22, 31, 33, 50, 87, 147, 163, 189], "summary": {"covered_lines": 27, "num_statements": 27, "percent_covered": 100.0, "percent_covered_display": "100", "missing_lines": 0, "excluded_lines": 6, "percent_statements_covered": 100.0, "percent_statements_covered_display": "100"}, "missing_lines": [], "excluded_lines": [24, 25, 26, 27, 28, 29], "start_line": 1}}}, "antcrew\\teams\\research_team.py": {"executed_lines": [1, 3, 4, 6, 7, 8, 9, 10, 11, 12, 13, 14, 21, 23, 28, 55, 66, 67, 68, 69, 70, 73, 74, 78, 79, 80, 81, 82, 86, 87, 104, 106, 107, 109, 110, 117, 118, 119, 120, 121, 123, 127, 129, 135], "summary": {"covered_lines": 44, "num_statements": 61, "percent_covered": 72.1311475409836, "percent_covered_display": "72", "missing_lines": 17, "excluded_lines": 4, "percent_statements_covered": 72.1311475409836, "percent_statements_covered_display": "72"}, "missing_lines": [71, 83, 84, 108, 111, 114, 115, 116, 122, 128, 130, 131, 132, 133, 136, 137, 138], "excluded_lines": [16, 17, 18, 19], "functions": {"ResearchTeam.__init__": {"executed_lines": [66, 67, 68, 69, 70, 73, 74, 78, 79, 80, 81, 82], "summary": {"covered_lines": 12, "num_statements": 15, "percent_covered": 80.0, "percent_covered_display": "80", "missing_lines": 3, "excluded_lines": 0, "percent_statements_covered": 80.0, "percent_statements_covered_display": "80"}, "missing_lines": [71, 83, 84], "excluded_lines": [], "start_line": 55}, "ResearchTeam._initial_state": {"executed_lines": [87], "summary": {"covered_lines": 1, "num_statements": 1, "percent_covered": 100.0, "percent_covered_display": "100", "missing_lines": 0, "excluded_lines": 0, "percent_statements_covered": 100.0, "percent_statements_covered_display": "100"}, "missing_lines": [], "excluded_lines": [], "start_line": 86}, "ResearchTeam.run": {"executed_lines": [106, 107, 109, 110, 117, 118, 119, 120, 121, 123, 127, 129, 135], "summary": {"covered_lines": 13, "num_statements": 27, "percent_covered": 48.148148148148145, "percent_covered_display": "48", "missing_lines": 14, "excluded_lines": 0, "percent_statements_covered": 48.148148148148145, "percent_statements_covered_display": "48"}, "missing_lines": [108, 111, 114, 115, 116, 122, 128, 130, 131, 132, 133, 136, 137, 138], "excluded_lines": [], "start_line": 104}, "": {"executed_lines": [1, 3, 4, 6, 7, 8, 9, 10, 11, 12, 13, 14, 21, 23, 28, 55, 86, 104], "summary": {"covered_lines": 18, "num_statements": 18, "percent_covered": 100.0, "percent_covered_display": "100", "missing_lines": 0, "excluded_lines": 4, "percent_statements_covered": 100.0, "percent_statements_covered_display": "100"}, "missing_lines": [], "excluded_lines": [16, 17, 18, 19], "start_line": 1}}, "classes": {"ResearchTeam": {"executed_lines": [66, 67, 68, 69, 70, 73, 74, 78, 79, 80, 81, 82, 87, 106, 107, 109, 110, 117, 118, 119, 120, 121, 123, 127, 129, 135], "summary": {"covered_lines": 26, "num_statements": 43, "percent_covered": 60.46511627906977, "percent_covered_display": "60", "missing_lines": 17, "excluded_lines": 0, "percent_statements_covered": 60.46511627906977, "percent_statements_covered_display": "60"}, "missing_lines": [71, 83, 84, 108, 111, 114, 115, 116, 122, 128, 130, 131, 132, 133, 136, 137, 138], "excluded_lines": [], "start_line": 28}, "": {"executed_lines": [1, 3, 4, 6, 7, 8, 9, 10, 11, 12, 13, 14, 21, 23, 28, 55, 86, 104], "summary": {"covered_lines": 18, "num_statements": 18, "percent_covered": 100.0, "percent_covered_display": "100", "missing_lines": 0, "excluded_lines": 4, "percent_statements_covered": 100.0, "percent_statements_covered_display": "100"}, "missing_lines": [], "excluded_lines": [16, 17, 18, 19], "start_line": 1}}}, "antcrew\\testing\\__init__.py": {"executed_lines": [2, 4], "summary": {"covered_lines": 2, "num_statements": 2, "percent_covered": 100.0, "percent_covered_display": "100", "missing_lines": 0, "excluded_lines": 0, "percent_statements_covered": 100.0, "percent_statements_covered_display": "100"}, "missing_lines": [], "excluded_lines": [], "functions": {"": {"executed_lines": [2, 4], "summary": {"covered_lines": 2, "num_statements": 2, "percent_covered": 100.0, "percent_covered_display": "100", "missing_lines": 0, "excluded_lines": 0, "percent_statements_covered": 100.0, "percent_statements_covered_display": "100"}, "missing_lines": [], "excluded_lines": [], "start_line": 1}}, "classes": {"": {"executed_lines": [2, 4], "summary": {"covered_lines": 2, "num_statements": 2, "percent_covered": 100.0, "percent_covered_display": "100", "missing_lines": 0, "excluded_lines": 0, "percent_statements_covered": 100.0, "percent_statements_covered_display": "100"}, "missing_lines": [], "excluded_lines": [], "start_line": 1}}}, "antcrew\\testing\\llms.py": {"executed_lines": [1, 3, 4, 7, 19, 20, 21, 22, 23, 25, 26, 27, 28, 29, 31, 32, 33], "summary": {"covered_lines": 17, "num_statements": 18, "percent_covered": 94.44444444444444, "percent_covered_display": "94", "missing_lines": 1, "excluded_lines": 0, "percent_statements_covered": 94.44444444444444, "percent_statements_covered_display": "94"}, "missing_lines": [30], "excluded_lines": [], "functions": {"SequencedLLM.__init__": {"executed_lines": [20, 21, 22, 23], "summary": {"covered_lines": 4, "num_statements": 4, "percent_covered": 100.0, "percent_covered_display": "100", "missing_lines": 0, "excluded_lines": 0, "percent_statements_covered": 100.0, "percent_statements_covered_display": "100"}, "missing_lines": [], "excluded_lines": [], "start_line": 19}, "SequencedLLM.complete": {"executed_lines": [26, 27, 28, 29, 31, 32, 33], "summary": {"covered_lines": 7, "num_statements": 8, "percent_covered": 87.5, "percent_covered_display": "88", "missing_lines": 1, "excluded_lines": 0, "percent_statements_covered": 87.5, "percent_statements_covered_display": "88"}, "missing_lines": [30], "excluded_lines": [], "start_line": 25}, "": {"executed_lines": [1, 3, 4, 7, 19, 25], "summary": {"covered_lines": 6, "num_statements": 6, "percent_covered": 100.0, "percent_covered_display": "100", "missing_lines": 0, "excluded_lines": 0, "percent_statements_covered": 100.0, "percent_statements_covered_display": "100"}, "missing_lines": [], "excluded_lines": [], "start_line": 1}}, "classes": {"SequencedLLM": {"executed_lines": [20, 21, 22, 23, 26, 27, 28, 29, 31, 32, 33], "summary": {"covered_lines": 11, "num_statements": 12, "percent_covered": 91.66666666666667, "percent_covered_display": "92", "missing_lines": 1, "excluded_lines": 0, "percent_statements_covered": 91.66666666666667, "percent_statements_covered_display": "92"}, "missing_lines": [30], "excluded_lines": [], "start_line": 7}, "": {"executed_lines": [1, 3, 4, 7, 19, 25], "summary": {"covered_lines": 6, "num_statements": 6, "percent_covered": 100.0, "percent_covered_display": "100", "missing_lines": 0, "excluded_lines": 0, "percent_statements_covered": 100.0, "percent_statements_covered_display": "100"}, "missing_lines": [], "excluded_lines": [], "start_line": 1}}}, "antcrew\\trace.py": {"executed_lines": [28, 30, 31, 32, 33, 34, 36, 63, 64, 67, 75, 76, 77, 78, 79, 80, 81, 87, 89, 90, 94, 95, 97, 101, 105, 107, 120, 132, 138, 140, 143, 145, 147, 150, 152, 154, 158, 160, 162, 166, 168, 185, 186, 187, 188, 189, 190, 191, 192, 193, 194, 195, 196, 197, 201, 203, 216, 217, 218, 219, 220, 221, 222, 223, 224, 226, 242, 254, 269, 282, 284], "summary": {"covered_lines": 71, "num_statements": 71, "percent_covered": 100.0, "percent_covered_display": "100", "missing_lines": 0, "excluded_lines": 0, "percent_statements_covered": 100.0, "percent_statements_covered_display": "100"}, "missing_lines": [], "excluded_lines": [], "functions": {"_now_iso": {"executed_lines": [64], "summary": {"covered_lines": 1, "num_statements": 1, "percent_covered": 100.0, "percent_covered_display": "100", "missing_lines": 0, "excluded_lines": 0, "percent_statements_covered": 100.0, "percent_statements_covered_display": "100"}, "missing_lines": [], "excluded_lines": [], "start_line": 63}, "TraceLog.__init__": {"executed_lines": [76, 77, 78, 79, 80, 81], "summary": {"covered_lines": 6, "num_statements": 6, "percent_covered": 100.0, "percent_covered_display": "100", "missing_lines": 0, "excluded_lines": 0, "percent_statements_covered": 100.0, "percent_statements_covered_display": "100"}, "missing_lines": [], "excluded_lines": [], "start_line": 75}, "TraceLog.begin_run": {"executed_lines": [89, 90, 94, 95], "summary": {"covered_lines": 4, "num_statements": 4, "percent_covered": 100.0, "percent_covered_display": "100", "missing_lines": 0, "excluded_lines": 0, "percent_statements_covered": 100.0, "percent_statements_covered_display": "100"}, "missing_lines": [], "excluded_lines": [], "start_line": 87}, "TraceLog.end_run": {"executed_lines": [101, 105], "summary": {"covered_lines": 2, "num_statements": 2, "percent_covered": 100.0, "percent_covered_display": "100", "missing_lines": 0, "excluded_lines": 0, "percent_statements_covered": 100.0, "percent_statements_covered_display": "100"}, "missing_lines": [], "excluded_lines": [], "start_line": 97}, "TraceLog.record_call": {"executed_lines": [120, 132], "summary": {"covered_lines": 2, "num_statements": 2, "percent_covered": 100.0, "percent_covered_display": "100", "missing_lines": 0, "excluded_lines": 0, "percent_statements_covered": 100.0, "percent_statements_covered_display": "100"}, "missing_lines": [], "excluded_lines": [], "start_line": 107}, "TraceLog.list_runs": {"executed_lines": [140, 143], "summary": {"covered_lines": 2, "num_statements": 2, "percent_covered": 100.0, "percent_covered_display": "100", "missing_lines": 0, "excluded_lines": 0, "percent_statements_covered": 100.0, "percent_statements_covered_display": "100"}, "missing_lines": [], "excluded_lines": [], "start_line": 138}, "TraceLog.get_run": {"executed_lines": [147, 150], "summary": {"covered_lines": 2, "num_statements": 2, "percent_covered": 100.0, "percent_covered_display": "100", "missing_lines": 0, "excluded_lines": 0, "percent_statements_covered": 100.0, "percent_statements_covered_display": "100"}, "missing_lines": [], "excluded_lines": [], "start_line": 145}, "TraceLog.get_run_by_thread": {"executed_lines": [154, 158], "summary": {"covered_lines": 2, "num_statements": 2, "percent_covered": 100.0, "percent_covered_display": "100", "missing_lines": 0, "excluded_lines": 0, "percent_statements_covered": 100.0, "percent_statements_covered_display": "100"}, "missing_lines": [], "excluded_lines": [], "start_line": 152}, "TraceLog.get_calls": {"executed_lines": [162, 166], "summary": {"covered_lines": 2, "num_statements": 2, "percent_covered": 100.0, "percent_covered_display": "100", "missing_lines": 0, "excluded_lines": 0, "percent_statements_covered": 100.0, "percent_statements_covered_display": "100"}, "missing_lines": [], "excluded_lines": [], "start_line": 160}, "TraceLog.list_runs_filtered": {"executed_lines": [185, 186, 187, 188, 189, 190, 191, 192, 193, 194, 195, 196, 197, 201], "summary": {"covered_lines": 14, "num_statements": 14, "percent_covered": 100.0, "percent_covered_display": "100", "missing_lines": 0, "excluded_lines": 0, "percent_statements_covered": 100.0, "percent_statements_covered_display": "100"}, "missing_lines": [], "excluded_lines": [], "start_line": 168}, "TraceLog.get_stats": {"executed_lines": [216, 217, 218, 219, 220, 221, 222, 223, 224, 226, 242, 254, 269], "summary": {"covered_lines": 13, "num_statements": 13, "percent_covered": 100.0, "percent_covered_display": "100", "missing_lines": 0, "excluded_lines": 0, "percent_statements_covered": 100.0, "percent_statements_covered_display": "100"}, "missing_lines": [], "excluded_lines": [], "start_line": 203}, "TraceLog.close": {"executed_lines": [284], "summary": {"covered_lines": 1, "num_statements": 1, "percent_covered": 100.0, "percent_covered_display": "100", "missing_lines": 0, "excluded_lines": 0, "percent_statements_covered": 100.0, "percent_statements_covered_display": "100"}, "missing_lines": [], "excluded_lines": [], "start_line": 282}, "": {"executed_lines": [28, 30, 31, 32, 33, 34, 36, 63, 67, 75, 87, 97, 107, 138, 145, 152, 160, 168, 203, 282], "summary": {"covered_lines": 20, "num_statements": 20, "percent_covered": 100.0, "percent_covered_display": "100", "missing_lines": 0, "excluded_lines": 0, "percent_statements_covered": 100.0, "percent_statements_covered_display": "100"}, "missing_lines": [], "excluded_lines": [], "start_line": 1}}, "classes": {"TraceLog": {"executed_lines": [76, 77, 78, 79, 80, 81, 89, 90, 94, 95, 101, 105, 120, 132, 140, 143, 147, 150, 154, 158, 162, 166, 185, 186, 187, 188, 189, 190, 191, 192, 193, 194, 195, 196, 197, 201, 216, 217, 218, 219, 220, 221, 222, 223, 224, 226, 242, 254, 269, 284], "summary": {"covered_lines": 50, "num_statements": 50, "percent_covered": 100.0, "percent_covered_display": "100", "missing_lines": 0, "excluded_lines": 0, "percent_statements_covered": 100.0, "percent_statements_covered_display": "100"}, "missing_lines": [], "excluded_lines": [], "start_line": 67}, "": {"executed_lines": [28, 30, 31, 32, 33, 34, 36, 63, 64, 67, 75, 87, 97, 107, 138, 145, 152, 160, 168, 203, 282], "summary": {"covered_lines": 21, "num_statements": 21, "percent_covered": 100.0, "percent_covered_display": "100", "missing_lines": 0, "excluded_lines": 0, "percent_statements_covered": 100.0, "percent_statements_covered_display": "100"}, "missing_lines": [], "excluded_lines": [], "start_line": 1}}}, "antcrew\\utils\\__init__.py": {"executed_lines": [], "summary": {"covered_lines": 0, "num_statements": 0, "percent_covered": 100.0, "percent_covered_display": "100", "missing_lines": 0, "excluded_lines": 0, "percent_statements_covered": 100.0, "percent_statements_covered_display": "100"}, "missing_lines": [], "excluded_lines": [], "functions": {"": {"executed_lines": [], "summary": {"covered_lines": 0, "num_statements": 0, "percent_covered": 100.0, "percent_covered_display": "100", "missing_lines": 0, "excluded_lines": 0, "percent_statements_covered": 100.0, "percent_statements_covered_display": "100"}, "missing_lines": [], "excluded_lines": [], "start_line": 1}}, "classes": {"": {"executed_lines": [], "summary": {"covered_lines": 0, "num_statements": 0, "percent_covered": 100.0, "percent_covered_display": "100", "missing_lines": 0, "excluded_lines": 0, "percent_statements_covered": 100.0, "percent_statements_covered_display": "100"}, "missing_lines": [], "excluded_lines": [], "start_line": 1}}}, "antcrew\\utils\\persistence.py": {"executed_lines": [15, 17, 18, 19, 22, 23, 24, 25, 26, 27, 28, 29, 30, 34, 41, 42, 44, 45, 46, 52, 62], "summary": {"covered_lines": 21, "num_statements": 23, "percent_covered": 91.30434782608695, "percent_covered_display": "91", "missing_lines": 2, "excluded_lines": 0, "percent_statements_covered": 91.30434782608695, "percent_statements_covered_display": "91"}, "missing_lines": [31, 43], "excluded_lines": [], "functions": {"_encode": {"executed_lines": [23, 24, 25, 26, 27, 28, 29, 30], "summary": {"covered_lines": 8, "num_statements": 9, "percent_covered": 88.88888888888889, "percent_covered_display": "89", "missing_lines": 1, "excluded_lines": 0, "percent_statements_covered": 88.88888888888889, "percent_statements_covered_display": "89"}, "missing_lines": [31], "excluded_lines": [], "start_line": 22}, "save_state": {"executed_lines": [41, 42, 44, 45, 46], "summary": {"covered_lines": 5, "num_statements": 6, "percent_covered": 83.33333333333333, "percent_covered_display": "83", "missing_lines": 1, "excluded_lines": 0, "percent_statements_covered": 83.33333333333333, "percent_statements_covered_display": "83"}, "missing_lines": [43], "excluded_lines": [], "start_line": 34}, "load_state": {"executed_lines": [62], "summary": {"covered_lines": 1, "num_statements": 1, "percent_covered": 100.0, "percent_covered_display": "100", "missing_lines": 0, "excluded_lines": 0, "percent_statements_covered": 100.0, "percent_statements_covered_display": "100"}, "missing_lines": [], "excluded_lines": [], "start_line": 52}, "": {"executed_lines": [15, 17, 18, 19, 22, 34, 52], "summary": {"covered_lines": 7, "num_statements": 7, "percent_covered": 100.0, "percent_covered_display": "100", "missing_lines": 0, "excluded_lines": 0, "percent_statements_covered": 100.0, "percent_statements_covered_display": "100"}, "missing_lines": [], "excluded_lines": [], "start_line": 1}}, "classes": {"": {"executed_lines": [15, 17, 18, 19, 22, 23, 24, 25, 26, 27, 28, 29, 30, 34, 41, 42, 44, 45, 46, 52, 62], "summary": {"covered_lines": 21, "num_statements": 23, "percent_covered": 91.30434782608695, "percent_covered_display": "91", "missing_lines": 2, "excluded_lines": 0, "percent_statements_covered": 91.30434782608695, "percent_statements_covered_display": "91"}, "missing_lines": [31, 43], "excluded_lines": [], "start_line": 1}}}}, "totals": {"covered_lines": 6719, "num_statements": 8203, "percent_covered": 81.90905766183104, "percent_covered_display": "82", "missing_lines": 1484, "excluded_lines": 64, "percent_statements_covered": 81.90905766183104, "percent_statements_covered_display": "82"}}